This is pdfTeX, Version 3.14159265-2.6-1.40.19 (TeX Live 2018) (preloaded format=pdflatex 2018.5.29)  8 SEP 2022 15:51
entering extended mode
 restricted \write18 enabled.
 file:line:error style messages enabled.
 %&-line parsing enabled.
**esop2023.tex
(./esop2023.tex
LaTeX2e <2018-04-01> patch level 2
Babel <3.18> and hyphenation patterns for 84 language(s) loaded.
(./llncs.cls
Document Class: llncs 2018/03/10 v2.20 
 LaTeX document class for Lecture Notes in Computer Science
(/usr/local/texlive/2018/texmf-dist/tex/latex/base/article.cls
Document Class: article 2014/09/29 v1.4h Standard LaTeX document class
(/usr/local/texlive/2018/texmf-dist/tex/latex/base/size10.clo
File: size10.clo 2014/09/29 v1.4h Standard LaTeX file (size option)
)
\c@part=\count80
\c@section=\count81
\c@subsection=\count82
\c@subsubsection=\count83
\c@paragraph=\count84
\c@subparagraph=\count85
\c@figure=\count86
\c@table=\count87
\abovecaptionskip=\skip41
\belowcaptionskip=\skip42
\bibindent=\dimen102
)
(/usr/local/texlive/2018/texmf-dist/tex/latex/tools/multicol.sty
Package: multicol 2018/04/01 v1.8r multicolumn formatting (FMi)
\c@tracingmulticols=\count88
\mult@box=\box26
\multicol@leftmargin=\dimen103
\c@unbalance=\count89
\c@collectmore=\count90
\doublecol@number=\count91
\multicoltolerance=\count92
\multicolpretolerance=\count93
\full@width=\dimen104
\page@free=\dimen105
\premulticols=\dimen106
\postmulticols=\dimen107
\multicolsep=\skip43
\multicolbaselineskip=\skip44
\partial@page=\box27
\last@line=\box28
\maxbalancingoverflow=\dimen108
\mult@rightbox=\box29
\mult@grightbox=\box30
\mult@gfirstbox=\box31
\mult@firstbox=\box32
\@tempa=\box33
\@tempa=\box34
\@tempa=\box35
\@tempa=\box36
\@tempa=\box37
\@tempa=\box38
\@tempa=\box39
\@tempa=\box40
\@tempa=\box41
\@tempa=\box42
\@tempa=\box43
\@tempa=\box44
\@tempa=\box45
\@tempa=\box46
\@tempa=\box47
\@tempa=\box48
\@tempa=\box49
\c@columnbadness=\count94
\c@finalcolumnbadness=\count95
\last@try=\dimen109
\multicolovershoot=\dimen110
\multicolundershoot=\dimen111
\mult@nat@firstbox=\box50
\colbreak@box=\box51
\mc@col@check@num=\count96
)
(/usr/local/texlive/2018/texmf-dist/tex/latex/oberdiek/aliascnt.sty
Package: aliascnt 2016/05/16 v1.4 Alias counters (HO)

(/usr/local/texlive/2018/texmf-dist/tex/latex/carlisle/remreset.sty))
\c@chapter=\count97
LaTeX Font Info:    Redeclaring math symbol \Gamma on input line 362.
LaTeX Font Info:    Redeclaring math symbol \Delta on input line 363.
LaTeX Font Info:    Redeclaring math symbol \Theta on input line 364.
LaTeX Font Info:    Redeclaring math symbol \Lambda on input line 365.
LaTeX Font Info:    Redeclaring math symbol \Xi on input line 366.
LaTeX Font Info:    Redeclaring math symbol \Pi on input line 367.
LaTeX Font Info:    Redeclaring math symbol \Sigma on input line 368.
LaTeX Font Info:    Redeclaring math symbol \Upsilon on input line 369.
LaTeX Font Info:    Redeclaring math symbol \Phi on input line 370.
LaTeX Font Info:    Redeclaring math symbol \Psi on input line 371.
LaTeX Font Info:    Redeclaring math symbol \Omega on input line 372.
\tocchpnum=\dimen112
\tocsecnum=\dimen113
\tocsectotal=\dimen114
\tocsubsecnum=\dimen115
\tocsubsectotal=\dimen116
\tocsubsubsecnum=\dimen117
\tocsubsubsectotal=\dimen118
\tocparanum=\dimen119
\tocparatotal=\dimen120
\tocsubparanum=\dimen121
\@tempcntc=\count98
\fnindent=\dimen122
\c@@inst=\count99
\c@@auth=\count100
\c@auco=\count101
\instindent=\dimen123
\authrun=\box52
\authorrunning=\toks14
\tocauthor=\toks15
\titrun=\box53
\titlerunning=\toks16
\toctitle=\toks17
\c@theorem=\count102
\c@case=\count103
\c@conjecture=\count104
\c@corollary=\count105
\c@definition=\count106
\c@example=\count107
\c@exercise=\count108
\c@lemma=\count109
\c@note=\count110
\c@problem=\count111
\c@property=\count112
\c@proposition=\count113
\c@question=\count114
\c@solution=\count115
\c@remark=\count116
\headlineindent=\dimen124
)
(./definitions/packages.tex
(/usr/local/texlive/2018/texmf-dist/tex/latex/mathtools/mathtools.sty
Package: mathtools 2018/01/08 v1.21 mathematical typesetting tools

(/usr/local/texlive/2018/texmf-dist/tex/latex/graphics/keyval.sty
Package: keyval 2014/10/28 v1.15 key=value parser (DPC)
\KV@toks@=\toks18
)
(/usr/local/texlive/2018/texmf-dist/tex/latex/tools/calc.sty
Package: calc 2017/05/25 v4.3 Infix arithmetic (KKT,FJ)
\calc@Acount=\count117
\calc@Bcount=\count118
\calc@Adimen=\dimen125
\calc@Bdimen=\dimen126
\calc@Askip=\skip45
\calc@Bskip=\skip46
LaTeX Info: Redefining \setlength on input line 80.
LaTeX Info: Redefining \addtolength on input line 81.
\calc@Ccount=\count119
\calc@Cskip=\skip47
)
(/usr/local/texlive/2018/texmf-dist/tex/latex/mathtools/mhsetup.sty
Package: mhsetup 2017/03/31 v1.3 programming setup (MH)
)
(/usr/local/texlive/2018/texmf-dist/tex/latex/amsmath/amsmath.sty
Package: amsmath 2017/09/02 v2.17a AMS math features
\@mathmargin=\skip48

For additional information on amsmath, use the `?' option.
(/usr/local/texlive/2018/texmf-dist/tex/latex/amsmath/amstext.sty
Package: amstext 2000/06/29 v2.01 AMS text

(/usr/local/texlive/2018/texmf-dist/tex/latex/amsmath/amsgen.sty
File: amsgen.sty 1999/11/30 v2.0 generic functions
\@emptytoks=\toks19
\ex@=\dimen127
))
(/usr/local/texlive/2018/texmf-dist/tex/latex/amsmath/amsbsy.sty
Package: amsbsy 1999/11/29 v1.2d Bold Symbols
\pmbraise@=\dimen128
)
(/usr/local/texlive/2018/texmf-dist/tex/latex/amsmath/amsopn.sty
Package: amsopn 2016/03/08 v2.02 operator names
)
\inf@bad=\count120
LaTeX Info: Redefining \frac on input line 213.
\uproot@=\count121
\leftroot@=\count122
LaTeX Info: Redefining \overline on input line 375.
\classnum@=\count123
\DOTSCASE@=\count124
LaTeX Info: Redefining \ldots on input line 472.
LaTeX Info: Redefining \dots on input line 475.
LaTeX Info: Redefining \cdots on input line 596.
\Mathstrutbox@=\box54
\strutbox@=\box55
\big@size=\dimen129
LaTeX Font Info:    Redeclaring font encoding OML on input line 712.
LaTeX Font Info:    Redeclaring font encoding OMS on input line 713.


Package amsmath Warning: Unable to redefine math accent \vec.

\macc@depth=\count125
\c@MaxMatrixCols=\count126
\dotsspace@=\muskip10
\c@parentequation=\count127
\dspbrk@lvl=\count128
\tag@help=\toks20
\row@=\count129
\column@=\count130
\maxfields@=\count131
\andhelp@=\toks21
\eqnshift@=\dimen130
\alignsep@=\dimen131
\tagshift@=\dimen132
\tagwidth@=\dimen133
\totwidth@=\dimen134
\lineht@=\dimen135
\@envbody=\toks22
\multlinegap=\skip49
\multlinetaggap=\skip50
\mathdisplay@stack=\toks23
LaTeX Info: Redefining \[ on input line 2817.
LaTeX Info: Redefining \] on input line 2818.
)
LaTeX Info: Thecontrolsequence`\('isalreadyrobust on input line 129.
LaTeX Info: Thecontrolsequence`\)'isalreadyrobust on input line 129.
LaTeX Info: Thecontrolsequence`\['isalreadyrobust on input line 129.
LaTeX Info: Thecontrolsequence`\]'isalreadyrobust on input line 129.
\g_MT_multlinerow_int=\count132
\l_MT_multwidth_dim=\dimen136
\origjot=\skip51
\l_MT_shortvdotswithinadjustabove_dim=\dimen137
\l_MT_shortvdotswithinadjustbelow_dim=\dimen138
\l_MT_above_intertext_sep=\dimen139
\l_MT_below_intertext_sep=\dimen140
\l_MT_above_shortintertext_sep=\dimen141
\l_MT_below_shortintertext_sep=\dimen142
) (/usr/local/texlive/2018/texmf-dist/tex/latex/stackengine/stackengine.sty
Package: stackengine 2017/02/13 v4.01\ Stacking text and objects in convenient 
ways

(/usr/local/texlive/2018/texmf-dist/tex/latex/etoolbox/etoolbox.sty
Package: etoolbox 2018/02/11 v2.5e e-TeX tools for LaTeX (JAW)
\etb@tempcnta=\count133
)
(/usr/local/texlive/2018/texmf-dist/tex/generic/listofitems/listofitems.sty
(/usr/local/texlive/2018/texmf-dist/tex/generic/listofitems/listofitems.tex
\loi_nestcnt=\count134
)
Package: listofitems 2018/03/13 v1.53 Grab items in lists using user-specified 
sep char (CT)
)
\c@@stackindex=\count135
\@boxshift=\skip52
\stack@tmplength=\skip53
\temp@stkl=\skip54
\@stackedboxwidth=\skip55
\@addedbox=\box56
\@anchorbox=\box57
\stackedbox=\box58
\@centerbox=\box59
\c@ROWcellindex@=\count136
)
(/usr/local/texlive/2018/texmf-dist/tex/latex/was/upgreek.sty
Package: upgreek 2003/02/12 v2.0 (WaS)
Package upgreek Info: Using Euler Roman for upright Greek on input line 31.
\symugrf@m=\mathgroup4
LaTeX Font Info:    Overwriting symbol font `ugrf@m' in version `bold'
(Font)                  U/eur/m/n --> U/eur/b/n on input line 38.
)
(/usr/local/texlive/2018/texmf-dist/tex/latex/adjmulticol/adjmulticol.sty
Package: adjmulticol 2012/01/20 v1.1 Adjusted margins for multicolumn layout
\adjmc@inner=\dimen143
\adjmc@outer=\dimen144
\adjmc@saved@leftmargin=\dimen145
)
(/usr/local/texlive/2018/texmf-dist/tex/latex/base/inputenc.sty
Package: inputenc 2018/04/06 v1.3b Input encoding file
\inpenc@prehook=\toks24
\inpenc@posthook=\toks25
)
(/usr/local/texlive/2018/texmf-dist/tex/latex/tools/xspace.sty
Package: xspace 2014/10/28 v1.13 Space after command names (DPC,MH)
)
(/usr/local/texlive/2018/texmf-dist/tex/latex/comment/comment.sty
\CommentStream=\write3

Excluding comment 'comment')
(/usr/local/texlive/2018/texmf-dist/tex/latex/wasysym/wasysym.sty
Package: wasysym 2003/10/30 v2.0 Wasy-2 symbol support package
\symwasy=\mathgroup5
LaTeX Font Info:    Overwriting symbol font `wasy' in version `bold'
(Font)                  U/wasy/m/n --> U/wasy/b/n on input line 90.
)
(/usr/local/texlive/2018/texmf-dist/tex/latex/float/float.sty
Package: float 2001/11/08 v1.3d Float enhancements (AL)
\c@float@type=\count137
\float@exts=\toks26
\float@box=\box60
\@float@everytoks=\toks27
\@floatcapt=\box61
)
(/usr/local/texlive/2018/texmf-dist/tex/latex/tools/array.sty
Package: array 2018/04/07 v2.4g Tabular extension package (FMi)
\col@sep=\dimen146
\ar@mcellbox=\box62
\extrarowheight=\dimen147
\NC@list=\toks28
\extratabsurround=\skip56
\backup@length=\skip57
\ar@cellbox=\box63
)
(/usr/local/texlive/2018/texmf-dist/tex/latex/framed/framed.sty
Package: framed 2011/10/22 v 0.96: framed or shaded text with page breaks
\OuterFrameSep=\skip58
\fb@frw=\dimen148
\fb@frh=\dimen149
\FrameRule=\dimen150
\FrameSep=\dimen151
)
(/usr/local/texlive/2018/texmf-dist/tex/latex/amsfonts/amssymb.sty
Package: amssymb 2013/01/14 v3.01 AMS font symbols

(/usr/local/texlive/2018/texmf-dist/tex/latex/amsfonts/amsfonts.sty
Package: amsfonts 2013/01/14 v3.01 Basic AMSFonts support
\symAMSa=\mathgroup6
\symAMSb=\mathgroup7
LaTeX Font Info:    Overwriting math alphabet `\mathfrak' in version `bold'
(Font)                  U/euf/m/n --> U/euf/b/n on input line 106.
))
(/usr/local/texlive/2018/texmf-dist/tex/latex/stmaryrd/stmaryrd.sty
Package: stmaryrd 1994/03/03 St Mary's Road symbol package
\symstmry=\mathgroup8
LaTeX Font Info:    Overwriting symbol font `stmry' in version `bold'
(Font)                  U/stmry/m/n --> U/stmry/b/n on input line 89.
)
(/usr/local/texlive/2018/texmf-dist/tex/latex/listings/listings.sty
\lst@mode=\count138
\lst@gtempboxa=\box64
\lst@token=\toks29
\lst@length=\count139
\lst@currlwidth=\dimen152
\lst@column=\count140
\lst@pos=\count141
\lst@lostspace=\dimen153
\lst@width=\dimen154
\lst@newlines=\count142
\lst@lineno=\count143
\lst@maxwidth=\dimen155

(/usr/local/texlive/2018/texmf-dist/tex/latex/listings/lstmisc.sty
File: lstmisc.sty 2015/06/04 1.6 (Carsten Heinz)
\c@lstnumber=\count144
\lst@skipnumbers=\count145
\lst@framebox=\box65
)
(/usr/local/texlive/2018/texmf-dist/tex/latex/listings/listings.cfg
File: listings.cfg 2015/06/04 1.6 listings configuration
))
Package: listings 2015/06/04 1.6 (Carsten Heinz)

(/usr/local/texlive/2018/texmf-dist/tex/latex/algorithm2e/algorithm2e.sty
Package: algorithm2e 2017/07/18 v5.2 algorithms environments
\c@AlgoLine=\count146

(/usr/local/texlive/2018/texmf-dist/tex/latex/base/ifthen.sty
Package: ifthen 2014/09/29 v1.1c Standard LaTeX ifthen package (DPC)
)
\algocf@hangindent=\skip59

(/usr/local/texlive/2018/texmf-dist/tex/latex/ifoddpage/ifoddpage.sty
Package: ifoddpage 2016/04/23 v1.1 Conditionals for odd/even page detection
\c@checkoddpage=\count147
)
(/usr/local/texlive/2018/texmf-dist/tex/latex/relsize/relsize.sty
Package: relsize 2013/03/29 ver 4.1
)
\skiptotal=\skip60
\skiplinenumber=\skip61
\skiprule=\skip62
\skiphlne=\skip63
\skiptext=\skip64
\skiplength=\skip65
\algomargin=\skip66
\skipalgocfslide=\skip67
\algowidth=\dimen156
\inoutsize=\dimen157
\inoutindent=\dimen158
\interspacetitleruled=\dimen159
\interspacealgoruled=\dimen160
\interspacetitleboxruled=\dimen161
\algocf@ruledwidth=\skip68
\algocf@inoutbox=\box66
\algocf@inputbox=\box67
\AlCapSkip=\skip69
\AlCapHSkip=\skip70
\algoskipindent=\skip71
\algocf@nlbox=\box68
\algocf@hangingbox=\box69
\algocf@untilbox=\box70
\algocf@skipuntil=\skip72
\algocf@capbox=\box71
\algocf@lcaptionbox=\skip73
\algoheightruledefault=\skip74
\algoheightrule=\skip75
\algotitleheightruledefault=\skip76
\algotitleheightrule=\skip77
\c@algocfline=\count148
\c@algocfproc=\count149
\c@algocf=\count150
\algocf@algoframe=\box72
\algocf@algobox=\box73
)
(/usr/local/texlive/2018/texmf-dist/tex/latex/pgf/frontendlayer/tikz.sty
(/usr/local/texlive/2018/texmf-dist/tex/latex/pgf/basiclayer/pgf.sty
(/usr/local/texlive/2018/texmf-dist/tex/latex/pgf/utilities/pgfrcs.sty
(/usr/local/texlive/2018/texmf-dist/tex/generic/pgf/utilities/pgfutil-common.te
x
\pgfutil@everybye=\toks30
\pgfutil@tempdima=\dimen162
\pgfutil@tempdimb=\dimen163

(/usr/local/texlive/2018/texmf-dist/tex/generic/pgf/utilities/pgfutil-common-li
sts.tex))
(/usr/local/texlive/2018/texmf-dist/tex/generic/pgf/utilities/pgfutil-latex.def
\pgfutil@abb=\box74
(/usr/local/texlive/2018/texmf-dist/tex/latex/ms/everyshi.sty
Package: everyshi 2001/05/15 v3.00 EveryShipout Package (MS)
))
(/usr/local/texlive/2018/texmf-dist/tex/generic/pgf/utilities/pgfrcs.code.tex
Package: pgfrcs 2015/08/07 v3.0.1a (rcs-revision 1.31)
))
Package: pgf 2015/08/07 v3.0.1a (rcs-revision 1.15)
(/usr/local/texlive/2018/texmf-dist/tex/latex/pgf/basiclayer/pgfcore.sty
(/usr/local/texlive/2018/texmf-dist/tex/latex/graphics/graphicx.sty
Package: graphicx 2017/06/01 v1.1a Enhanced LaTeX Graphics (DPC,SPQR)

(/usr/local/texlive/2018/texmf-dist/tex/latex/graphics/graphics.sty
Package: graphics 2017/06/25 v1.2c Standard LaTeX Graphics (DPC,SPQR)

(/usr/local/texlive/2018/texmf-dist/tex/latex/graphics/trig.sty
Package: trig 2016/01/03 v1.10 sin cos tan (DPC)
)
(/usr/local/texlive/2018/texmf-dist/tex/latex/graphics-cfg/graphics.cfg
File: graphics.cfg 2016/06/04 v1.11 sample graphics configuration
)
Package graphics Info: Driver file: pdftex.def on input line 99.

(/usr/local/texlive/2018/texmf-dist/tex/latex/graphics-def/pdftex.def
File: pdftex.def 2018/01/08 v1.0l Graphics/color driver for pdftex
))
\Gin@req@height=\dimen164
\Gin@req@width=\dimen165
)
(/usr/local/texlive/2018/texmf-dist/tex/latex/pgf/systemlayer/pgfsys.sty
(/usr/local/texlive/2018/texmf-dist/tex/generic/pgf/systemlayer/pgfsys.code.tex
Package: pgfsys 2014/07/09 v3.0.1a (rcs-revision 1.48)
(/usr/local/texlive/2018/texmf-dist/tex/generic/pgf/utilities/pgfkeys.code.tex
\pgfkeys@pathtoks=\toks31
\pgfkeys@temptoks=\toks32

(/usr/local/texlive/2018/texmf-dist/tex/generic/pgf/utilities/pgfkeysfiltered.c
ode.tex
\pgfkeys@tmptoks=\toks33
))
\pgf@x=\dimen166
\pgf@y=\dimen167
\pgf@xa=\dimen168
\pgf@ya=\dimen169
\pgf@xb=\dimen170
\pgf@yb=\dimen171
\pgf@xc=\dimen172
\pgf@yc=\dimen173
\w@pgf@writea=\write4
\r@pgf@reada=\read1
\c@pgf@counta=\count151
\c@pgf@countb=\count152
\c@pgf@countc=\count153
\c@pgf@countd=\count154
\t@pgf@toka=\toks34
\t@pgf@tokb=\toks35
\t@pgf@tokc=\toks36

(/usr/local/texlive/2018/texmf-dist/tex/generic/pgf/systemlayer/pgf.cfg
File: pgf.cfg 2008/05/14  (rcs-revision 1.7)
)
Driver file for pgf: pgfsys-pdftex.def

(/usr/local/texlive/2018/texmf-dist/tex/generic/pgf/systemlayer/pgfsys-pdftex.d
ef
File: pgfsys-pdftex.def 2014/10/11  (rcs-revision 1.35)

(/usr/local/texlive/2018/texmf-dist/tex/generic/pgf/systemlayer/pgfsys-common-p
df.def
File: pgfsys-common-pdf.def 2013/10/10  (rcs-revision 1.13)
)))
(/usr/local/texlive/2018/texmf-dist/tex/generic/pgf/systemlayer/pgfsyssoftpath.
code.tex
File: pgfsyssoftpath.code.tex 2013/09/09  (rcs-revision 1.9)
\pgfsyssoftpath@smallbuffer@items=\count155
\pgfsyssoftpath@bigbuffer@items=\count156
)
(/usr/local/texlive/2018/texmf-dist/tex/generic/pgf/systemlayer/pgfsysprotocol.
code.tex
File: pgfsysprotocol.code.tex 2006/10/16  (rcs-revision 1.4)
)) (/usr/local/texlive/2018/texmf-dist/tex/latex/xcolor/xcolor.sty
Package: xcolor 2016/05/11 v2.12 LaTeX color extensions (UK)

(/usr/local/texlive/2018/texmf-dist/tex/latex/graphics-cfg/color.cfg
File: color.cfg 2016/01/02 v1.6 sample color configuration
)
Package xcolor Info: Driver file: pdftex.def on input line 225.
Package xcolor Info: Model `cmy' substituted by `cmy0' on input line 1348.
Package xcolor Info: Model `hsb' substituted by `rgb' on input line 1352.
Package xcolor Info: Model `RGB' extended on input line 1364.
Package xcolor Info: Model `HTML' substituted by `rgb' on input line 1366.
Package xcolor Info: Model `Hsb' substituted by `hsb' on input line 1367.
Package xcolor Info: Model `tHsb' substituted by `hsb' on input line 1368.
Package xcolor Info: Model `HSB' substituted by `hsb' on input line 1369.
Package xcolor Info: Model `Gray' substituted by `gray' on input line 1370.
Package xcolor Info: Model `wave' substituted by `hsb' on input line 1371.
)
(/usr/local/texlive/2018/texmf-dist/tex/generic/pgf/basiclayer/pgfcore.code.tex
Package: pgfcore 2010/04/11 v3.0.1a (rcs-revision 1.7)
(/usr/local/texlive/2018/texmf-dist/tex/generic/pgf/math/pgfmath.code.tex
(/usr/local/texlive/2018/texmf-dist/tex/generic/pgf/math/pgfmathcalc.code.tex
(/usr/local/texlive/2018/texmf-dist/tex/generic/pgf/math/pgfmathutil.code.tex)
(/usr/local/texlive/2018/texmf-dist/tex/generic/pgf/math/pgfmathparser.code.tex
\pgfmath@dimen=\dimen174
\pgfmath@count=\count157
\pgfmath@box=\box75
\pgfmath@toks=\toks37
\pgfmath@stack@operand=\toks38
\pgfmath@stack@operation=\toks39
)
(/usr/local/texlive/2018/texmf-dist/tex/generic/pgf/math/pgfmathfunctions.code.
tex
(/usr/local/texlive/2018/texmf-dist/tex/generic/pgf/math/pgfmathfunctions.basic
.code.tex)
(/usr/local/texlive/2018/texmf-dist/tex/generic/pgf/math/pgfmathfunctions.trigo
nometric.code.tex)
(/usr/local/texlive/2018/texmf-dist/tex/generic/pgf/math/pgfmathfunctions.rando
m.code.tex)
(/usr/local/texlive/2018/texmf-dist/tex/generic/pgf/math/pgfmathfunctions.compa
rison.code.tex)
(/usr/local/texlive/2018/texmf-dist/tex/generic/pgf/math/pgfmathfunctions.base.
code.tex)
(/usr/local/texlive/2018/texmf-dist/tex/generic/pgf/math/pgfmathfunctions.round
.code.tex)
(/usr/local/texlive/2018/texmf-dist/tex/generic/pgf/math/pgfmathfunctions.misc.
code.tex)
(/usr/local/texlive/2018/texmf-dist/tex/generic/pgf/math/pgfmathfunctions.integ
erarithmetics.code.tex)))
(/usr/local/texlive/2018/texmf-dist/tex/generic/pgf/math/pgfmathfloat.code.tex
\c@pgfmathroundto@lastzeros=\count158
))
(/usr/local/texlive/2018/texmf-dist/tex/generic/pgf/basiclayer/pgfcorepoints.co
de.tex
File: pgfcorepoints.code.tex 2013/10/07  (rcs-revision 1.27)
\pgf@picminx=\dimen175
\pgf@picmaxx=\dimen176
\pgf@picminy=\dimen177
\pgf@picmaxy=\dimen178
\pgf@pathminx=\dimen179
\pgf@pathmaxx=\dimen180
\pgf@pathminy=\dimen181
\pgf@pathmaxy=\dimen182
\pgf@xx=\dimen183
\pgf@xy=\dimen184
\pgf@yx=\dimen185
\pgf@yy=\dimen186
\pgf@zx=\dimen187
\pgf@zy=\dimen188
)
(/usr/local/texlive/2018/texmf-dist/tex/generic/pgf/basiclayer/pgfcorepathconst
ruct.code.tex
File: pgfcorepathconstruct.code.tex 2013/10/07  (rcs-revision 1.29)
\pgf@path@lastx=\dimen189
\pgf@path@lasty=\dimen190
)
(/usr/local/texlive/2018/texmf-dist/tex/generic/pgf/basiclayer/pgfcorepathusage
.code.tex
File: pgfcorepathusage.code.tex 2014/11/02  (rcs-revision 1.24)
\pgf@shorten@end@additional=\dimen191
\pgf@shorten@start@additional=\dimen192
)
(/usr/local/texlive/2018/texmf-dist/tex/generic/pgf/basiclayer/pgfcorescopes.co
de.tex
File: pgfcorescopes.code.tex 2015/05/08  (rcs-revision 1.46)
\pgfpic=\box76
\pgf@hbox=\box77
\pgf@layerbox@main=\box78
\pgf@picture@serial@count=\count159
)
(/usr/local/texlive/2018/texmf-dist/tex/generic/pgf/basiclayer/pgfcoregraphicst
ate.code.tex
File: pgfcoregraphicstate.code.tex 2014/11/02  (rcs-revision 1.12)
\pgflinewidth=\dimen193
)
(/usr/local/texlive/2018/texmf-dist/tex/generic/pgf/basiclayer/pgfcoretransform
ations.code.tex
File: pgfcoretransformations.code.tex 2015/08/07  (rcs-revision 1.20)
\pgf@pt@x=\dimen194
\pgf@pt@y=\dimen195
\pgf@pt@temp=\dimen196
)
(/usr/local/texlive/2018/texmf-dist/tex/generic/pgf/basiclayer/pgfcorequick.cod
e.tex
File: pgfcorequick.code.tex 2008/10/09  (rcs-revision 1.3)
)
(/usr/local/texlive/2018/texmf-dist/tex/generic/pgf/basiclayer/pgfcoreobjects.c
ode.tex
File: pgfcoreobjects.code.tex 2006/10/11  (rcs-revision 1.2)
)
(/usr/local/texlive/2018/texmf-dist/tex/generic/pgf/basiclayer/pgfcorepathproce
ssing.code.tex
File: pgfcorepathprocessing.code.tex 2013/09/09  (rcs-revision 1.9)
)
(/usr/local/texlive/2018/texmf-dist/tex/generic/pgf/basiclayer/pgfcorearrows.co
de.tex
File: pgfcorearrows.code.tex 2015/05/14  (rcs-revision 1.43)
\pgfarrowsep=\dimen197
)
(/usr/local/texlive/2018/texmf-dist/tex/generic/pgf/basiclayer/pgfcoreshade.cod
e.tex
File: pgfcoreshade.code.tex 2013/07/15  (rcs-revision 1.15)
\pgf@max=\dimen198
\pgf@sys@shading@range@num=\count160
)
(/usr/local/texlive/2018/texmf-dist/tex/generic/pgf/basiclayer/pgfcoreimage.cod
e.tex
File: pgfcoreimage.code.tex 2013/07/15  (rcs-revision 1.18)

(/usr/local/texlive/2018/texmf-dist/tex/generic/pgf/basiclayer/pgfcoreexternal.
code.tex
File: pgfcoreexternal.code.tex 2014/07/09  (rcs-revision 1.21)
\pgfexternal@startupbox=\box79
))
(/usr/local/texlive/2018/texmf-dist/tex/generic/pgf/basiclayer/pgfcorelayers.co
de.tex
File: pgfcorelayers.code.tex 2013/07/18  (rcs-revision 1.7)
)
(/usr/local/texlive/2018/texmf-dist/tex/generic/pgf/basiclayer/pgfcoretranspare
ncy.code.tex
File: pgfcoretransparency.code.tex 2013/09/30  (rcs-revision 1.5)
)
(/usr/local/texlive/2018/texmf-dist/tex/generic/pgf/basiclayer/pgfcorepatterns.
code.tex
File: pgfcorepatterns.code.tex 2013/11/07  (rcs-revision 1.5)
)))
(/usr/local/texlive/2018/texmf-dist/tex/generic/pgf/modules/pgfmoduleshapes.cod
e.tex
File: pgfmoduleshapes.code.tex 2014/03/21  (rcs-revision 1.35)
\pgfnodeparttextbox=\box80
)
(/usr/local/texlive/2018/texmf-dist/tex/generic/pgf/modules/pgfmoduleplot.code.
tex
File: pgfmoduleplot.code.tex 2015/08/03  (rcs-revision 1.13)
)
(/usr/local/texlive/2018/texmf-dist/tex/latex/pgf/compatibility/pgfcomp-version
-0-65.sty
Package: pgfcomp-version-0-65 2007/07/03 v3.0.1a (rcs-revision 1.7)
\pgf@nodesepstart=\dimen199
\pgf@nodesepend=\dimen256
)
(/usr/local/texlive/2018/texmf-dist/tex/latex/pgf/compatibility/pgfcomp-version
-1-18.sty
Package: pgfcomp-version-1-18 2007/07/23 v3.0.1a (rcs-revision 1.1)
))
(/usr/local/texlive/2018/texmf-dist/tex/latex/pgf/utilities/pgffor.sty
(/usr/local/texlive/2018/texmf-dist/tex/latex/pgf/utilities/pgfkeys.sty
(/usr/local/texlive/2018/texmf-dist/tex/generic/pgf/utilities/pgfkeys.code.tex)
) (/usr/local/texlive/2018/texmf-dist/tex/latex/pgf/math/pgfmath.sty
(/usr/local/texlive/2018/texmf-dist/tex/generic/pgf/math/pgfmath.code.tex))
(/usr/local/texlive/2018/texmf-dist/tex/generic/pgf/utilities/pgffor.code.tex
Package: pgffor 2013/12/13 v3.0.1a (rcs-revision 1.25)

(/usr/local/texlive/2018/texmf-dist/tex/generic/pgf/math/pgfmath.code.tex)
\pgffor@iter=\dimen257
\pgffor@skip=\dimen258
\pgffor@stack=\toks40
\pgffor@toks=\toks41
))
(/usr/local/texlive/2018/texmf-dist/tex/generic/pgf/frontendlayer/tikz/tikz.cod
e.tex
Package: tikz 2015/08/07 v3.0.1a (rcs-revision 1.151)

(/usr/local/texlive/2018/texmf-dist/tex/generic/pgf/libraries/pgflibraryplothan
dlers.code.tex
File: pgflibraryplothandlers.code.tex 2013/08/31 v3.0.1a (rcs-revision 1.20)
\pgf@plot@mark@count=\count161
\pgfplotmarksize=\dimen259
)
\tikz@lastx=\dimen260
\tikz@lasty=\dimen261
\tikz@lastxsaved=\dimen262
\tikz@lastysaved=\dimen263
\tikzleveldistance=\dimen264
\tikzsiblingdistance=\dimen265
\tikz@figbox=\box81
\tikz@figbox@bg=\box82
\tikz@tempbox=\box83
\tikz@tempbox@bg=\box84
\tikztreelevel=\count162
\tikznumberofchildren=\count163
\tikznumberofcurrentchild=\count164
\tikz@fig@count=\count165

(/usr/local/texlive/2018/texmf-dist/tex/generic/pgf/modules/pgfmodulematrix.cod
e.tex
File: pgfmodulematrix.code.tex 2013/09/17  (rcs-revision 1.8)
\pgfmatrixcurrentrow=\count166
\pgfmatrixcurrentcolumn=\count167
\pgf@matrix@numberofcolumns=\count168
)
\tikz@expandcount=\count169

(/usr/local/texlive/2018/texmf-dist/tex/generic/pgf/frontendlayer/tikz/librarie
s/tikzlibrarytopaths.code.tex
File: tikzlibrarytopaths.code.tex 2008/06/17 v3.0.1a (rcs-revision 1.2)
)))
(/usr/local/texlive/2018/texmf-dist/tex/latex/pgfplots/pgfplots.sty
(/usr/local/texlive/2018/texmf-dist/tex/generic/pgfplots/pgfplots.revision.tex)
Package: pgfplots 2018/03/28 v1.16 Data Visualization (1.16)
(/usr/local/texlive/2018/texmf-dist/tex/generic/pgfplots/pgfplots.code.tex
(/usr/local/texlive/2018/texmf-dist/tex/generic/pgfplots/pgfplotscore.code.tex
\t@pgfplots@toka=\toks42
\t@pgfplots@tokb=\toks43
\t@pgfplots@tokc=\toks44
\pgfplots@tmpa=\dimen266
\c@pgfplots@coordindex=\count170
\c@pgfplots@scanlineindex=\count171

(/usr/local/texlive/2018/texmf-dist/tex/generic/pgfplots/sys/pgfplotssysgeneric
.code.tex))
(/usr/local/texlive/2018/texmf-dist/tex/generic/pgfplots/libs/pgfplotslibrary.c
ode.tex)
(/usr/local/texlive/2018/texmf-dist/tex/generic/pgfplots/oldpgfcompatib/pgfplot
soldpgfsupp_loader.code.tex
(/usr/local/texlive/2018/texmf-dist/tex/generic/pgf/libraries/pgflibraryfpu.cod
e.tex)
Package pgfplots: loading complementary arithmetics for your pgf version...

(/usr/local/texlive/2018/texmf-dist/tex/generic/pgfplots/oldpgfcompatib/pgfplot
soldpgfsupp_pgflibraryfpu.code.tex)
(/usr/local/texlive/2018/texmf-dist/tex/generic/pgfplots/oldpgfcompatib/pgfplot
soldpgfsupp_pgfmathfloat.code.tex
\c@pgfmathroundto@lastzeros=\count172
)
(/usr/local/texlive/2018/texmf-dist/tex/generic/pgfplots/oldpgfcompatib/pgfplot
soldpgfsupp_leq.code.tex))
(/usr/local/texlive/2018/texmf-dist/tex/generic/pgfplots/util/pgfplotsutil.code
.tex
(/usr/local/texlive/2018/texmf-dist/tex/generic/pgfplots/liststructure/pgfplots
liststructure.code.tex)
(/usr/local/texlive/2018/texmf-dist/tex/generic/pgfplots/liststructure/pgfplots
liststructureext.code.tex)
(/usr/local/texlive/2018/texmf-dist/tex/generic/pgfplots/liststructure/pgfplots
array.code.tex
\c@pgfplotsarray@tmp=\count173
)
(/usr/local/texlive/2018/texmf-dist/tex/generic/pgfplots/liststructure/pgfplots
matrix.code.tex)
(/usr/local/texlive/2018/texmf-dist/tex/generic/pgfplots/numtable/pgfplotstable
shared.code.tex
\c@pgfplotstable@counta=\count174
\t@pgfplotstable@a=\toks45
)
(/usr/local/texlive/2018/texmf-dist/tex/generic/pgfplots/liststructure/pgfplots
deque.code.tex)
(/usr/local/texlive/2018/texmf-dist/tex/generic/pgfplots/util/pgfplotsbinary.co
de.tex
(/usr/local/texlive/2018/texmf-dist/tex/generic/pgfplots/util/pgfplotsbinary.da
ta.code.tex))
(/usr/local/texlive/2018/texmf-dist/tex/generic/pgfplots/util/pgfplotsutil.verb
.code.tex)
(/usr/local/texlive/2018/texmf-dist/tex/generic/pgfplots/libs/pgflibrarypgfplot
s.surfshading.code.tex
\c@pgfplotslibrarysurf@no=\count175

(/usr/local/texlive/2018/texmf-dist/tex/generic/pgfplots/sys/pgflibrarypgfplots
.surfshading.pgfsys-pdftex.def)))
(/usr/local/texlive/2018/texmf-dist/tex/generic/pgfplots/util/pgfplotscolormap.
code.tex
(/usr/local/texlive/2018/texmf-dist/tex/generic/pgfplots/util/pgfplotscolor.cod
e.tex))
(/usr/local/texlive/2018/texmf-dist/tex/generic/pgfplots/pgfplotsstackedplots.c
ode.tex)
(/usr/local/texlive/2018/texmf-dist/tex/generic/pgfplots/pgfplotsplothandlers.c
ode.tex
(/usr/local/texlive/2018/texmf-dist/tex/generic/pgfplots/pgfplotsmeshplothandle
r.code.tex
(/usr/local/texlive/2018/texmf-dist/tex/generic/pgfplots/pgfplotsmeshplotimage.
code.tex)))
(/usr/local/texlive/2018/texmf-dist/tex/generic/pgfplots/pgfplots.scaling.code.
tex)
(/usr/local/texlive/2018/texmf-dist/tex/generic/pgfplots/pgfplotscoordprocessin
g.code.tex)
(/usr/local/texlive/2018/texmf-dist/tex/generic/pgfplots/pgfplots.errorbars.cod
e.tex)
(/usr/local/texlive/2018/texmf-dist/tex/generic/pgfplots/pgfplots.markers.code.
tex)
(/usr/local/texlive/2018/texmf-dist/tex/generic/pgfplots/pgfplotsticks.code.tex
)
(/usr/local/texlive/2018/texmf-dist/tex/generic/pgfplots/pgfplots.paths.code.te
x)
(/usr/local/texlive/2018/texmf-dist/tex/generic/pgf/frontendlayer/tikz/librarie
s/tikzlibrarydecorations.code.tex
(/usr/local/texlive/2018/texmf-dist/tex/generic/pgf/modules/pgfmoduledecoration
s.code.tex
\pgfdecoratedcompleteddistance=\dimen267
\pgfdecoratedremainingdistance=\dimen268
\pgfdecoratedinputsegmentcompleteddistance=\dimen269
\pgfdecoratedinputsegmentremainingdistance=\dimen270
\pgf@decorate@distancetomove=\dimen271
\pgf@decorate@repeatstate=\count176
\pgfdecorationsegmentamplitude=\dimen272
\pgfdecorationsegmentlength=\dimen273
)
\tikz@lib@dec@box=\box85
)
(/usr/local/texlive/2018/texmf-dist/tex/generic/pgf/frontendlayer/tikz/librarie
s/tikzlibrarydecorations.pathmorphing.code.tex
(/usr/local/texlive/2018/texmf-dist/tex/generic/pgf/libraries/decorations/pgfli
brarydecorations.pathmorphing.code.tex))
(/usr/local/texlive/2018/texmf-dist/tex/generic/pgf/frontendlayer/tikz/librarie
s/tikzlibrarydecorations.pathreplacing.code.tex
(/usr/local/texlive/2018/texmf-dist/tex/generic/pgf/libraries/decorations/pgfli
brarydecorations.pathreplacing.code.tex))
\pgfplots@numplots=\count177
\pgfplots@xmin@reg=\dimen274
\pgfplots@xmax@reg=\dimen275
\pgfplots@ymin@reg=\dimen276
\pgfplots@ymax@reg=\dimen277
\pgfplots@zmin@reg=\dimen278
\pgfplots@zmax@reg=\dimen279
)
(/usr/local/texlive/2018/texmf-dist/tex/generic/pgf/frontendlayer/tikz/librarie
s/tikzlibraryplotmarks.code.tex
File: tikzlibraryplotmarks.code.tex 2008/01/09 v3.0.1a (rcs-revision 1.1)

(/usr/local/texlive/2018/texmf-dist/tex/generic/pgf/libraries/pgflibraryplotmar
ks.code.tex
File: pgflibraryplotmarks.code.tex 2015/08/03 v3.0.1a (rcs-revision 1.14)
)))
(/usr/local/texlive/2018/texmf-dist/tex/latex/jknapltx/mathrsfs.sty
Package: mathrsfs 1996/01/01 Math RSFS package v1.0 (jk)
\symrsfs=\mathgroup9
)
(/usr/local/texlive/2018/texmf-dist/tex/generic/pgfplots/libs/tikzlibrarypgfplo
ts.external.code.tex
(/usr/local/texlive/2018/texmf-dist/tex/latex/pgf/frontendlayer/libraries/tikzl
ibraryexternal.code.tex
(/usr/local/texlive/2018/texmf-dist/tex/generic/oberdiek/pdftexcmds.sty
Package: pdftexcmds 2018/01/30 v0.27 Utility functions of pdfTeX for LuaTeX (HO
)

(/usr/local/texlive/2018/texmf-dist/tex/generic/oberdiek/infwarerr.sty
Package: infwarerr 2016/05/16 v1.4 Providing info/warning/error messages (HO)
)
(/usr/local/texlive/2018/texmf-dist/tex/generic/oberdiek/ifluatex.sty
Package: ifluatex 2016/05/16 v1.4 Provides the ifluatex switch (HO)
Package ifluatex Info: LuaTeX not detected.
)
(/usr/local/texlive/2018/texmf-dist/tex/generic/oberdiek/ltxcmds.sty
Package: ltxcmds 2016/05/16 v1.23 LaTeX kernel commands for general use (HO)
)
(/usr/local/texlive/2018/texmf-dist/tex/generic/oberdiek/ifpdf.sty
Package: ifpdf 2017/03/15 v3.2 Provides the ifpdf switch
)
Package pdftexcmds Info: LuaTeX not detected.
Package pdftexcmds Info: \pdf@primitive is available.
Package pdftexcmds Info: \pdf@ifprimitive is available.
Package pdftexcmds Info: \pdfdraftmode found.
)
(/usr/local/texlive/2018/texmf-dist/tex/generic/pgf/frontendlayer/tikz/librarie
s/tikzexternalshared.code.tex))
Package pgfplots external lib: loading complementary code for your PGF version.
..

(/usr/local/texlive/2018/texmf-dist/tex/generic/pgfplots/oldpgfcompatib/pgfplot
soldpgfsupp_pgfcoreexternal.code.tex
File: pgfcoreexternal.code.tex 2015/08/29  (rcs-revision 1.22)
\pgfexternal@startupbox=\box86
)
(/usr/local/texlive/2018/texmf-dist/tex/generic/pgfplots/oldpgfcompatib/pgfplot
soldpgfsupp_tikzlibraryexternal.code.tex
(/usr/local/texlive/2018/texmf-dist/tex/latex/oberdiek/atveryend.sty
Package: atveryend 2016/05/16 v1.9 Hooks at the very end of document (HO)
)
(/usr/local/texlive/2018/texmf-dist/tex/generic/pgfplots/oldpgfcompatib/pgfplot
soldpgfsupp_tikzexternalshared.code.tex)))
\openout4 = `esop2023.auxlock'.


(/usr/local/texlive/2018/texmf-dist/tex/latex/hyperref/hyperref.sty
Package: hyperref 2018/02/06 v6.86b Hypertext links for LaTeX

(/usr/local/texlive/2018/texmf-dist/tex/generic/oberdiek/hobsub-hyperref.sty
Package: hobsub-hyperref 2016/05/16 v1.14 Bundle oberdiek, subset hyperref (HO)


(/usr/local/texlive/2018/texmf-dist/tex/generic/oberdiek/hobsub-generic.sty
Package: hobsub-generic 2016/05/16 v1.14 Bundle oberdiek, subset generic (HO)
Package: hobsub 2016/05/16 v1.14 Construct package bundles (HO)
Package hobsub Info: Skipping package `infwarerr' (already loaded).
Package hobsub Info: Skipping package `ltxcmds' (already loaded).
Package hobsub Info: Skipping package `ifluatex' (already loaded).
Package: ifvtex 2016/05/16 v1.6 Detect VTeX and its facilities (HO)
Package ifvtex Info: VTeX not detected.
Package: intcalc 2016/05/16 v1.2 Expandable calculations with integers (HO)
Package hobsub Info: Skipping package `ifpdf' (already loaded).
Package: etexcmds 2016/05/16 v1.6 Avoid name clashes with e-TeX commands (HO)
Package etexcmds Info: Could not find \expanded.
(etexcmds)             That can mean that you are not using pdfTeX 1.50 or
(etexcmds)             that some package has redefined \expanded.
(etexcmds)             In the latter case, load this package earlier.
Package: kvsetkeys 2016/05/16 v1.17 Key value parser (HO)
Package: kvdefinekeys 2016/05/16 v1.4 Define keys (HO)
Package hobsub Info: Skipping package `pdftexcmds' (already loaded).
Package: pdfescape 2016/05/16 v1.14 Implements pdfTeX's escape features (HO)
Package: bigintcalc 2016/05/16 v1.4 Expandable calculations on big integers (HO
)
Package: bitset 2016/05/16 v1.2 Handle bit-vector datatype (HO)
Package: uniquecounter 2016/05/16 v1.3 Provide unlimited unique counter (HO)
)
Package hobsub Info: Skipping package `hobsub' (already loaded).
Package: letltxmacro 2016/05/16 v1.5 Let assignment for LaTeX macros (HO)
Package: hopatch 2016/05/16 v1.3 Wrapper for package hooks (HO)
Package: xcolor-patch 2016/05/16 xcolor patch
Package hobsub Info: Skipping package `atveryend' (already loaded).
Package: atbegshi 2016/06/09 v1.18 At begin shipout hook (HO)
Package: refcount 2016/05/16 v3.5 Data extraction from label references (HO)
Package: hycolor 2016/05/16 v1.8 Color options for hyperref/bookmark (HO)
)
(/usr/local/texlive/2018/texmf-dist/tex/generic/ifxetex/ifxetex.sty
Package: ifxetex 2010/09/12 v0.6 Provides ifxetex conditional
)
(/usr/local/texlive/2018/texmf-dist/tex/latex/oberdiek/auxhook.sty
Package: auxhook 2016/05/16 v1.4 Hooks for auxiliary files (HO)
)
(/usr/local/texlive/2018/texmf-dist/tex/latex/oberdiek/kvoptions.sty
Package: kvoptions 2016/05/16 v3.12 Key value format for package options (HO)
)
\@linkdim=\dimen280
\Hy@linkcounter=\count178
\Hy@pagecounter=\count179

(/usr/local/texlive/2018/texmf-dist/tex/latex/hyperref/pd1enc.def
File: pd1enc.def 2018/02/06 v6.86b Hyperref: PDFDocEncoding definition (HO)
Now handling font encoding PD1 ...
... no UTF-8 mapping file for font encoding PD1
)
\Hy@SavedSpaceFactor=\count180

(/usr/local/texlive/2018/texmf-dist/tex/latex/latexconfig/hyperref.cfg
File: hyperref.cfg 2002/06/06 v1.2 hyperref configuration of TeXLive
)
Package hyperref Info: Option `breaklinks' set `true' on input line 4383.
Package hyperref Info: Option `colorlinks' set `true' on input line 4383.
Package hyperref Info: Option `bookmarks' set `true' on input line 4383.
Package hyperref Info: Hyper figures OFF on input line 4509.
Package hyperref Info: Link nesting OFF on input line 4514.
Package hyperref Info: Hyper index ON on input line 4517.
Package hyperref Info: Plain pages OFF on input line 4524.
Package hyperref Info: Backreferencing OFF on input line 4529.
Package hyperref Info: Implicit mode ON; LaTeX internals redefined.
Package hyperref Info: Bookmarks ON on input line 4762.
\c@Hy@tempcnt=\count181

(/usr/local/texlive/2018/texmf-dist/tex/latex/url/url.sty
\Urlmuskip=\muskip11
Package: url 2013/09/16  ver 3.4  Verb mode for urls, etc.
)
LaTeX Info: Redefining \url on input line 5115.
\XeTeXLinkMargin=\dimen281
\Fld@menulength=\count182
\Field@Width=\dimen282
\Fld@charsize=\dimen283
Package hyperref Info: Hyper figures OFF on input line 6369.
Package hyperref Info: Link nesting OFF on input line 6374.
Package hyperref Info: Hyper index ON on input line 6377.
Package hyperref Info: backreferencing OFF on input line 6384.
Package hyperref Info: Link coloring ON on input line 6387.
Package hyperref Info: Link coloring with OCG OFF on input line 6394.
Package hyperref Info: PDF/A mode OFF on input line 6399.
LaTeX Info: Redefining \ref on input line 6439.
LaTeX Info: Redefining \pageref on input line 6443.
\Hy@abspage=\count183
\c@Item=\count184
\c@Hfootnote=\count185
)
Package hyperref Info: Driver (autodetected): hpdftex.

(/usr/local/texlive/2018/texmf-dist/tex/latex/hyperref/hpdftex.def
File: hpdftex.def 2018/02/06 v6.86b Hyperref driver for pdfTeX
\Fld@listcount=\count186
\c@bookmark@seq@number=\count187

(/usr/local/texlive/2018/texmf-dist/tex/latex/oberdiek/rerunfilecheck.sty
Package: rerunfilecheck 2016/05/16 v1.8 Rerun checks for auxiliary files (HO)
Package uniquecounter Info: New unique counter `rerunfilecheck' on input line 2
82.
)
\Hy@SectionHShift=\skip78
)
(/usr/local/texlive/2018/texmf-dist/tex/latex/ebproof/ebproof.sty
(/usr/local/texlive/2018/texmf-dist/tex/latex/l3kernel/expl3.sty
Package: expl3 2018/03/05 L3 programming layer (loader) 

(/usr/local/texlive/2018/texmf-dist/tex/latex/l3kernel/expl3-code.tex
Package: expl3 2018/03/05 L3 programming layer (code)
\c_max_int=\count188
\l_tmpa_int=\count189
\l_tmpb_int=\count190
\g_tmpa_int=\count191
\g_tmpb_int=\count192
\g__intarray_font_int=\count193
\g__prg_map_int=\count194
\c_log_iow=\count195
\l_iow_line_count_int=\count196
\l__iow_line_target_int=\count197
\l__iow_one_indent_int=\count198
\l__iow_indent_int=\count199
\c_zero_dim=\dimen284
\c_max_dim=\dimen285
\l_tmpa_dim=\dimen286
\l_tmpb_dim=\dimen287
\g_tmpa_dim=\dimen288
\g_tmpb_dim=\dimen289
\c_zero_skip=\skip79
\c_max_skip=\skip80
\l_tmpa_skip=\skip81
\l_tmpb_skip=\skip82
\g_tmpa_skip=\skip83
\g_tmpb_skip=\skip84
\c_zero_muskip=\muskip12
\c_max_muskip=\muskip13
\l_tmpa_muskip=\muskip14
\l_tmpb_muskip=\muskip15
\g_tmpa_muskip=\muskip16
\g_tmpb_muskip=\muskip17
\l_keys_choice_int=\count266
\c__fp_leading_shift_int=\count267
\c__fp_middle_shift_int=\count268
\c__fp_trailing_shift_int=\count269
\c__fp_big_leading_shift_int=\count270
\c__fp_big_middle_shift_int=\count271
\c__fp_big_trailing_shift_int=\count272
\c__fp_Bigg_leading_shift_int=\count273
\c__fp_Bigg_middle_shift_int=\count274
\c__fp_Bigg_trailing_shift_int=\count275
\c__fp_rand_size_int=\count276
\c__fp_rand_four_int=\count277
\c__fp_rand_eight_int=\count278
\l__sort_length_int=\count279
\l__sort_min_int=\count280
\l__sort_top_int=\count281
\l__sort_max_int=\count282
\l__sort_true_max_int=\count283
\l__sort_block_int=\count284
\l__sort_begin_int=\count285
\l__sort_end_int=\count286
\l__sort_A_int=\count287
\l__sort_B_int=\count288
\l__sort_C_int=\count289
\l__tl_build_start_index_int=\count290
\l__tl_build_index_int=\count291
\l__tl_analysis_normal_int=\count292
\l__tl_analysis_index_int=\count293
\l__tl_analysis_nesting_int=\count294
\l__tl_analysis_type_int=\count295
\l__regex_internal_a_int=\count296
\l__regex_internal_b_int=\count297
\l__regex_internal_c_int=\count298
\l__regex_balance_int=\count299
\l__regex_group_level_int=\count300
\l__regex_mode_int=\count301
\c__regex_cs_in_class_mode_int=\count302
\c__regex_cs_mode_int=\count303
\l__regex_catcodes_int=\count304
\l__regex_default_catcodes_int=\count305
\c__regex_catcode_D_int=\count306
\c__regex_catcode_S_int=\count307
\c__regex_catcode_L_int=\count308
\c__regex_catcode_O_int=\count309
\c__regex_catcode_A_int=\count310
\c__regex_all_catcodes_int=\count311
\l__regex_show_lines_int=\count312
\l__regex_min_state_int=\count313
\l__regex_max_state_int=\count314
\l__regex_left_state_int=\count315
\l__regex_right_state_int=\count316
\l__regex_capturing_group_int=\count317
\l__regex_min_pos_int=\count318
\l__regex_max_pos_int=\count319
\l__regex_curr_pos_int=\count320
\l__regex_start_pos_int=\count321
\l__regex_success_pos_int=\count322
\l__regex_curr_char_int=\count323
\l__regex_curr_catcode_int=\count324
\l__regex_last_char_int=\count325
\l__regex_case_changed_char_int=\count326
\l__regex_curr_state_int=\count327
\l__regex_step_int=\count328
\l__regex_min_active_int=\count329
\l__regex_max_active_int=\count330
\l__regex_replacement_csnames_int=\count331
\l__regex_match_count_int=\count332
\l__regex_min_submatch_int=\count333
\l__regex_submatch_int=\count334
\l__regex_zeroth_submatch_int=\count335
\g__regex_trace_regex_int=\count336
\c_empty_box=\box87
\l_tmpa_box=\box88
\l_tmpb_box=\box89
\g_tmpa_box=\box90
\g_tmpb_box=\box91
\l__box_top_dim=\dimen290
\l__box_bottom_dim=\dimen291
\l__box_left_dim=\dimen292
\l__box_right_dim=\dimen293
\l__box_top_new_dim=\dimen294
\l__box_bottom_new_dim=\dimen295
\l__box_left_new_dim=\dimen296
\l__box_right_new_dim=\dimen297
\l__box_internal_box=\box92
\l__coffin_internal_box=\box93
\l__coffin_internal_dim=\dimen298
\l__coffin_offset_x_dim=\dimen299
\l__coffin_offset_y_dim=\dimen300
\l__coffin_x_dim=\dimen301
\l__coffin_y_dim=\dimen302
\l__coffin_x_prime_dim=\dimen303
\l__coffin_y_prime_dim=\dimen304
\c_empty_coffin=\box94
\l__coffin_aligned_coffin=\box95
\l__coffin_aligned_internal_coffin=\box96
\l_tmpa_coffin=\box97
\l_tmpb_coffin=\box98
\l__coffin_display_coffin=\box99
\l__coffin_display_coord_coffin=\box100
\l__coffin_display_pole_coffin=\box101
\l__coffin_display_offset_dim=\dimen305
\l__coffin_display_x_dim=\dimen306
\l__coffin_display_y_dim=\dimen307
\l__coffin_bounding_shift_dim=\dimen308
\l__coffin_left_corner_dim=\dimen309
\l__coffin_right_corner_dim=\dimen310
\l__coffin_bottom_corner_dim=\dimen311
\l__coffin_top_corner_dim=\dimen312
\l__coffin_scaled_total_height_dim=\dimen313
\l__coffin_scaled_width_dim=\dimen314
)
(/usr/local/texlive/2018/texmf-dist/tex/latex/l3kernel/l3pdfmode.def
File: l3pdfmode.def 2017/03/18 v L3 Experimental driver: PDF mode
\l__driver_color_stack_int=\count337
))
(/usr/local/texlive/2018/texmf-dist/tex/latex/l3packages/xparse/xparse.sty
Package: xparse 2018/02/21 L3 Experimental document command parser
\l__xparse_current_arg_int=\count338
\g__xparse_grabber_int=\count339
\l__xparse_m_args_int=\count340
\l__xparse_mandatory_args_int=\count341
\l__xparse_v_nesting_int=\count342
)
Package: ebproof 2017/05/17 v2.0 EB's proof trees
\l_ebproof_separation_dim=\dimen315
\l_ebproof_rule_margin_dim=\dimen316
\l_ebproof_rule_thickness_dim=\dimen317
\l_ebproof_rule_separation_dim=\dimen318
\l_ebproof_rule_dash_length_dim=\dimen319
\l_ebproof_rule_dash_space_dim=\dimen320
\l_ebproof_label_separation_dim=\dimen321
\l_ebproof_label_axis_dim=\dimen322
.................................................
. LaTeX info: "xparse/define-command"
. 
. Defining command \ebproofnewrulestyle with sig. 'mm' on line 78.
.................................................
.................................................
. LaTeX info: "xparse/define-command"
. 
. Defining command \ebproofnewstyle with sig. 'mm' on line 140.
.................................................
\l_ebproof_transit_dim=\dimen323
\g_ebproof_level_int=\count343
\g_ebproof_stack_box=\box102
\l_ebproof_a_box=\box103
\l_ebproof_b_box=\box104
\l_ebproof_c_box=\box105
\l_ebproof_d_box=\box106
.................................................
. LaTeX info: "xparse/define-command"
. 
. Defining command \ebproofset with sig. 'm' on line 615.
.................................................
.................................................
. LaTeX info: "xparse/define-command"
. 
. Defining command \ebproofhypo with sig. 'O{}m' on line 623.
.................................................
.................................................
. LaTeX info: "xparse/define-command"
. 
. Defining command \ebproofinfer with sig. 'O{}mO{}m' on line 635.
.................................................
.................................................
. LaTeX info: "xparse/define-command"
. 
. Defining command \ebproofellipsis with sig. 'mm' on line 659.
.................................................
.................................................
. LaTeX info: "xparse/define-command"
. 
. Defining command \ebproofrewrite with sig. 'm' on line 686.
.................................................
.................................................
. LaTeX info: "xparse/define-command"
. 
. Defining command \ebproofdelims with sig. 'mm' on line 712.
.................................................
.................................................
. LaTeX info: "xparse/define-command"
. 
. Defining command \ebproofAlter with sig. 'm' on line 722.
.................................................
.................................................
. LaTeX info: "xparse/define-command"
. 
. Defining command \ebproofDelims with sig. '' on line 724.
.................................................
.................................................
. LaTeX info: "xparse/define-command"
. 
. Defining command \ebproofEllipsis with sig. '' on line 726.
.................................................
.................................................
. LaTeX info: "xparse/define-command"
. 
. Defining command \ebproofHypo with sig. '' on line 728.
.................................................
.................................................
. LaTeX info: "xparse/define-command"
. 
. Defining command \ebproofInfer with sig. '' on line 730.
.................................................
.................................................
. LaTeX info: "xparse/define-environment"
. 
. Defining environment 'prooftree' with sig. 'sO{}' on line 763.
.................................................
))
(./definitions/defs.tex) (./esop2023.aux)
\openout1 = `esop2023.aux'.

LaTeX Font Info:    Checking defaults for OML/cmm/m/it on input line 9.
LaTeX Font Info:    ... okay on input line 9.
LaTeX Font Info:    Checking defaults for T1/cmr/m/n on input line 9.
LaTeX Font Info:    ... okay on input line 9.
LaTeX Font Info:    Checking defaults for OT1/cmr/m/n on input line 9.
LaTeX Font Info:    ... okay on input line 9.
LaTeX Font Info:    Checking defaults for OMS/cmsy/m/n on input line 9.
LaTeX Font Info:    ... okay on input line 9.
LaTeX Font Info:    Checking defaults for OMX/cmex/m/n on input line 9.
LaTeX Font Info:    ... okay on input line 9.
LaTeX Font Info:    Checking defaults for U/cmr/m/n on input line 9.
LaTeX Font Info:    ... okay on input line 9.
LaTeX Font Info:    Checking defaults for PD1/pdf/m/n on input line 9.
LaTeX Font Info:    ... okay on input line 9.
\c@lstlisting=\count344

ABD: EveryShipout initializing macros
(/usr/local/texlive/2018/texmf-dist/tex/context/base/mkii/supp-pdf.mkii
[Loading MPS to PDF converter (version 2006.09.02).]
\scratchcounter=\count345
\scratchdimen=\dimen324
\scratchbox=\box107
\nofMPsegments=\count346
\nofMParguments=\count347
\everyMPshowfont=\toks46
\MPscratchCnt=\count348
\MPscratchDim=\dimen325
\MPnumerator=\count349
\makeMPintoPDFobject=\count350
\everyMPtoPDFconversion=\toks47
) (/usr/local/texlive/2018/texmf-dist/tex/latex/oberdiek/epstopdf-base.sty
Package: epstopdf-base 2016/05/15 v2.6 Base part for package epstopdf

(/usr/local/texlive/2018/texmf-dist/tex/latex/oberdiek/grfext.sty
Package: grfext 2016/05/16 v1.2 Manage graphics extensions (HO)
)
Package epstopdf-base Info: Redefining graphics rule for `.eps' on input line 4
38.
Package grfext Info: Graphics extension search list:
(grfext)             [.pdf,.png,.jpg,.mps,.jpeg,.jbig2,.jb2,.PDF,.PNG,.JPG,.JPE
G,.JBIG2,.JB2,.eps]
(grfext)             \AppendGraphicsExtensions on input line 456.

(/usr/local/texlive/2018/texmf-dist/tex/latex/latexconfig/epstopdf-sys.cfg
File: epstopdf-sys.cfg 2010/07/13 v1.3 Configuration of (r)epstopdf for TeX Liv
e
))

Package pgfplots Warning: running in backwards compatibility mode (unsuitable t
ick labels; missing features). Consider writing \pgfplotsset{compat=1.16} into 
your preamble.
 on input line 9.

\AtBeginShipoutBox=\box108
Package hyperref Info: Link coloring ON on input line 9.
(/usr/local/texlive/2018/texmf-dist/tex/latex/hyperref/nameref.sty
Package: nameref 2016/05/21 v2.44 Cross-referencing by name of section

(/usr/local/texlive/2018/texmf-dist/tex/generic/oberdiek/gettitlestring.sty
Package: gettitlestring 2016/05/16 v1.5 Cleanup title references (HO)
)
\c@section@level=\count351
)
LaTeX Info: Redefining \ref on input line 9.
LaTeX Info: Redefining \pageref on input line 9.
LaTeX Info: Redefining \nameref on input line 9.

(./esop2023.out) (./esop2023.out)
\@outlinefile=\write5
\openout5 = `esop2023.out'.

LaTeX Font Info:    Try loading font information for U+wasy on input line 11.

(/usr/local/texlive/2018/texmf-dist/tex/latex/wasysym/uwasy.fd
File: uwasy.fd 2003/10/30 v2.0 Wasy-2 symbol font definitions
)
LaTeX Font Info:    Try loading font information for U+msa on input line 11.

(/usr/local/texlive/2018/texmf-dist/tex/latex/amsfonts/umsa.fd
File: umsa.fd 2013/01/14 v3.01 AMS symbols A
)
LaTeX Font Info:    Try loading font information for U+msb on input line 11.

(/usr/local/texlive/2018/texmf-dist/tex/latex/amsfonts/umsb.fd
File: umsb.fd 2013/01/14 v3.01 AMS symbols B
)
LaTeX Font Info:    Try loading font information for U+stmry on input line 11.

(/usr/local/texlive/2018/texmf-dist/tex/latex/stmaryrd/Ustmry.fd)
LaTeX Font Info:    Try loading font information for U+rsfs on input line 11.

(/usr/local/texlive/2018/texmf-dist/tex/latex/jknapltx/ursfs.fd
File: ursfs.fd 1998/03/24 rsfs font definition file (jk)
)
(./sections/introduction.tex [1

{/usr/local/texlive/2018/texmf-var/fonts/map/pdftex/updmap/pdftex.map}]
Underfull \hbox (badness 10000) in paragraph at lines 9--10

 []


Overfull \hbox (17.62799pt too wide) in paragraph at lines 17--18
\OT1/cmr/m/n/10 duce that co-ef-fi-cient $\OML/cmm/m/it/10 c$ \OT1/cmr/m/n/10 i
s pos-i-tive in the con-straint $\OMS/cmsy/m/n/10 9\OML/cmm/m/it/10 []; [] ; 
[]:\OMS/cmsy/m/n/10 8\OML/cmm/m/it/10 i[]; [] ; i[]; [] ; i[]:K \OMS/cmsy/m/n/1
0 ^^T
 []


Underfull \vbox (badness 10000) has occurred while \output is active []

 [2]
[3]
Underfull \vbox (badness 5105) has occurred while \output is active []

 [4]

LaTeX Warning: Reference `ch:bgts' on page 5 undefined on input line 34.

) (./sections/picalculus.tex

LaTeX Font Warning: Font shape `U/wasy/b/n' in size <8> not available
(Font)              Font shape `U/wasy/m/n' tried instead on input line 1.


LaTeX Font Warning: Font shape `U/wasy/b/n' in size <6> not available
(Font)              Font shape `U/wasy/m/n' tried instead on input line 1.


LaTeX Font Warning: Font shape `U/stmry/b/n' undefined
(Font)              using `U/stmry/m/n' instead on input line 1.


Underfull \hbox (badness 10000) in paragraph at lines 14--19

 []


Underfull \hbox (badness 10000) in paragraph at lines 20--21

 []

[5]
Overfull \hbox (52.24998pt too wide) detected at line 34
[]
 []

[6]
Overfull \hbox (37.28452pt too wide) detected at line 62
[] 
 []


Overfull \hbox (29.77516pt too wide) detected at line 66
[] 
 []


Overfull \hbox (70.12985pt too wide) detected at line 71
[] 
 []


Overfull \hbox (6.0329pt too wide) detected at line 81
[] 
 []


Overfull \hbox (89.03075pt too wide) in paragraph at lines 61--82
 [][] 
 []

[7]
Overfull \hbox (28.09123pt too wide) detected at line 102
[]
 []


Overfull \hbox (3.71187pt too wide) in paragraph at lines 108--110
[]\OT1/cmr/bx/n/10 (Annotated canon-i-cal form). []\OT1/cmr/m/it/10 An an-no-ta
ted pro-cess is in canon-
 []


Overfull \hbox (12.54594pt too wide) in paragraph at lines 119--120
[]$\OT1/cmr/m/it/10 , $[]$, $[]$ and $[]$ from left to right, and $[]$
 []


Underfull \hbox (badness 10000) in paragraph at lines 123--124

 []


Overfull \hbox (155.88448pt too wide) detected at line 129
[] 
 []


Overfull \hbox (88.18977pt too wide) detected at line 131
[] 
 []


Overfull \hbox (29.77516pt too wide) detected at line 136
[] 
 []


Overfull \hbox (70.12985pt too wide) detected at line 138
[] 
 []


Overfull \hbox (6.0329pt too wide) detected at line 143
[] 
 []


Overfull \hbox (47.44098pt too wide) in paragraph at lines 127--144
 [][] 
 []

[8] [9]) (./sections/sizedtypes.tex [10] [11]
Overfull \hbox (6.39449pt too wide) detected at line 53
\OMS/cmsy/m/n/10 M[]\OT1/cmr/m/n/10 (\OML/cmm/m/it/10 ^^H\OT1/cmr/m/n/10 ) \OMS
/cmsy/m/n/10 \ M[]\OT1/cmr/m/n/10 (\OMS/cmsy/m/n/10 f\OML/cmm/m/it/10 C[]\OMS/c
msy/m/n/10 g\OT1/cmr/m/n/10 ) = \OMS/cmsy/m/n/10 ; []  [] 
 []


Overfull \hbox (12.79932pt too wide) in paragraph at lines 62--63
[]\OT1/cmr/m/n/10 Given in-dex vari-ables $\OML/cmm/m/it/10 ' \OT1/cmr/m/n/10 =
 \OMS/cmsy/m/n/10 f\OML/cmm/m/it/10 i; j; k\OMS/cmsy/m/n/10 g$ \OT1/cmr/m/n/10 
and con-straints $\OML/cmm/m/it/10 ^^H \OT1/cmr/m/n/10 = \OMS/cmsy/m/n/10 f\OML
/cmm/m/it/10 C[]; C[]; C[]; C[]\OMS/cmsy/m/n/10 g$
 []


Underfull \hbox (badness 10000) in paragraph at lines 68--71

 []

[12]
Overfull \hbox (98.98882pt too wide) detected at line 89
[]
 []


Overfull \hbox (52.3952pt too wide) detected at line 99
[]
 []


Underfull \hbox (badness 10000) in paragraph at lines 108--111

 []

[13]
Overfull \hbox (12.46191pt too wide) detected at line 145
[] 
 []


Overfull \hbox (26.92786pt too wide) detected at line 145
[] 
 []


Overfull \hbox (132.50452pt too wide) detected at line 145
[] 
 []


Overfull \hbox (83.89304pt too wide) detected at line 145
[] 
 []


Overfull \hbox (88.61798pt too wide) detected at line 145
[] 
 []


Overfull \hbox (40.154pt too wide) detected at line 145
[] 
 []


Overfull \hbox (12.46191pt too wide) detected at line 145
[] 
 []


Overfull \hbox (26.92786pt too wide) detected at line 145
[] 
 []


Overfull \hbox (132.50452pt too wide) detected at line 145
[] 
 []


Overfull \hbox (83.89304pt too wide) detected at line 145
[] 
 []


Overfull \hbox (88.61798pt too wide) detected at line 145
[] 
 []


Overfull \hbox (40.154pt too wide) detected at line 145
[] 
 []


Overfull \hbox (146.60857pt too wide) detected at line 145
[]
 []


LaTeX Warning: `!h' float specifier changed to `!ht'.


Underfull \hbox (badness 10000) in paragraph at lines 153--155

 []

[14]
Overfull \hbox (16.24329pt too wide) detected at line 163
[] 
 []


Overfull \hbox (89.05983pt too wide) detected at line 163
[] 
 []


Overfull \hbox (16.24329pt too wide) detected at line 163
[] 
 []


Overfull \hbox (89.05983pt too wide) detected at line 163
[] 
 []


Overfull \hbox (126.1087pt too wide) detected at line 163
[]
 []


Underfull \vbox (badness 10000) has occurred while \output is active []

 [15]
Underfull \hbox (badness 10000) in paragraph at lines 214--215

 []

[16]

LaTeX Font Warning: Command \tiny invalid in math mode on input line 225.


LaTeX Font Warning: Command \tiny invalid in math mode on input line 225.


LaTeX Font Warning: Command \tiny invalid in math mode on input line 225.


LaTeX Font Warning: Command \tiny invalid in math mode on input line 225.


LaTeX Font Warning: Command \tiny invalid in math mode on input line 225.


LaTeX Font Warning: Command \tiny invalid in math mode on input line 225.


LaTeX Font Warning: Command \tiny invalid in math mode on input line 225.


LaTeX Font Warning: Command \tiny invalid in math mode on input line 225.


LaTeX Font Warning: Command \tiny invalid in math mode on input line 243.


LaTeX Font Warning: Command \tiny invalid in math mode on input line 243.


LaTeX Font Warning: Command \tiny invalid in math mode on input line 243.


LaTeX Font Warning: Command \tiny invalid in math mode on input line 243.


LaTeX Font Warning: Command \tiny invalid in math mode on input line 243.


LaTeX Font Warning: Command \tiny invalid in math mode on input line 243.


LaTeX Font Warning: Command \tiny invalid in math mode on input line 243.


LaTeX Font Warning: Command \tiny invalid in math mode on input line 243.


LaTeX Font Warning: Command \tiny invalid in math mode on input line 250.


LaTeX Font Warning: Command \tiny invalid in math mode on input line 250.


LaTeX Font Warning: Command \tiny invalid in math mode on input line 250.


LaTeX Font Warning: Command \tiny invalid in math mode on input line 250.


LaTeX Font Warning: Command \tiny invalid in math mode on input line 250.


LaTeX Font Warning: Command \tiny invalid in math mode on input line 250.


LaTeX Font Warning: Command \tiny invalid in math mode on input line 250.


LaTeX Font Warning: Command \tiny invalid in math mode on input line 250.


Overfull \hbox (83.43456pt too wide) detected at line 268
[] 
 []


Overfull \hbox (247.34526pt too wide) detected at line 268
[] 
 []


Overfull \hbox (23.05338pt too wide) detected at line 268
[] 
 []


Overfull \hbox (253.28867pt too wide) detected at line 268
[] 
 []


Overfull \hbox (62.46999pt too wide) detected at line 268
[] 
 []


Overfull \hbox (67.4723pt too wide) detected at line 268
[] 
 []


Overfull \hbox (83.43456pt too wide) detected at line 268
[] 
 []


Overfull \hbox (247.34526pt too wide) detected at line 268
[] 
 []


Overfull \hbox (23.05338pt too wide) detected at line 268
[] 
 []


Overfull \hbox (253.28867pt too wide) detected at line 268
[] 
 []


Overfull \hbox (62.46999pt too wide) detected at line 268
[] 
 []


Overfull \hbox (67.4723pt too wide) detected at line 268
[] 
 []


Overfull \hbox (150.12854pt too wide) detected at line 268
[]
 []

) (./sections/typechecking.tex

LaTeX Warning: Reference `ch:bgts' on page 17 undefined on input line 2.

[17] [18] [19]
Underfull \hbox (badness 10000) in paragraph at lines 64--65

 []


Overfull \hbox (28.55966pt too wide) detected at line 175
[] 
 []


Overfull \hbox (119.99474pt too wide) detected at line 175
[] 
 []


Overfull \hbox (106.5749pt too wide) detected at line 175
[] 
 []


Overfull \hbox (122.83382pt too wide) detected at line 175
[] 
 []


Overfull \hbox (3.30928pt too wide) detected at line 175
[] 
 []


Overfull \hbox (14.65897pt too wide) detected at line 175
[] 
 []


Overfull \hbox (28.55966pt too wide) detected at line 175
[] 
 []


Overfull \hbox (119.99474pt too wide) detected at line 175
[] 
 []


Overfull \hbox (106.5749pt too wide) detected at line 175
[] 
 []


Overfull \hbox (122.83382pt too wide) detected at line 175
[] 
 []


Overfull \hbox (3.30928pt too wide) detected at line 175
[] 
 []


Overfull \hbox (14.65897pt too wide) detected at line 175
[] 
 []


Overfull \hbox (91.69342pt too wide) detected at line 175
[]
 []


Underfull \hbox (badness 10000) in paragraph at lines 182--183

 []

[20]

LaTeX Warning: Reference `ch:bgts' on page 21 undefined on input line 184.


Underfull \hbox (badness 10000) in paragraph at lines 184--185

 []

[21]
Overfull \hbox (4.40472pt too wide) in paragraph at lines 186--188
[]\OT1/cmr/m/n/10 We now prove the NP-completeness of the smaller prob-lem of c
heck-ing whether
 []

[22]
Underfull \hbox (badness 10000) in paragraph at lines 221--237

 []

[23]

LaTeX Font Warning: Command \tiny invalid in math mode on input line 253.


LaTeX Font Warning: Command \tiny invalid in math mode on input line 253.


LaTeX Font Warning: Command \tiny invalid in math mode on input line 253.


LaTeX Font Warning: Command \tiny invalid in math mode on input line 253.


LaTeX Font Warning: Command \tiny invalid in math mode on input line 253.


LaTeX Font Warning: Command \tiny invalid in math mode on input line 253.


LaTeX Font Warning: Command \tiny invalid in math mode on input line 253.


LaTeX Font Warning: Command \tiny invalid in math mode on input line 253.


LaTeX Font Warning: Command \tiny invalid in math mode on input line 253.


LaTeX Font Warning: Command \tiny invalid in math mode on input line 253.


LaTeX Font Warning: Command \tiny invalid in math mode on input line 253.


LaTeX Font Warning: Command \tiny invalid in math mode on input line 253.


LaTeX Font Warning: Command \tiny invalid in math mode on input line 253.


LaTeX Font Warning: Command \tiny invalid in math mode on input line 253.


LaTeX Font Warning: Command \tiny invalid in math mode on input line 253.


LaTeX Font Warning: Command \tiny invalid in math mode on input line 253.


LaTeX Font Warning: Command \tiny invalid in math mode on input line 253.


LaTeX Font Warning: Command \tiny invalid in math mode on input line 253.


LaTeX Font Warning: Command \tiny invalid in math mode on input line 253.


LaTeX Font Warning: Command \tiny invalid in math mode on input line 253.


LaTeX Font Warning: Command \tiny invalid in math mode on input line 253.


LaTeX Font Warning: Command \tiny invalid in math mode on input line 253.


LaTeX Font Warning: Command \tiny invalid in math mode on input line 253.


LaTeX Font Warning: Command \tiny invalid in math mode on input line 253.


Overfull \hbox (116.53677pt too wide) in paragraph at lines 253--287
\OT1/cmr/m/n/10 match at most $\OML/cmm/m/it/10 j$ \OT1/cmr/m/n/10 times on nat
-u-ral $\OML/cmm/m/it/10 x$\OT1/cmr/m/n/10 . No-tably we have that $[]((\OML/cm
m/m/it/10 i; j; k; l; m; n; o\OT1/cmr/m/n/10 )\OML/cmm/m/it/10 ; []\OT1/cmr/m/n
/10 [0\OML/cmm/m/it/10 ; j[]\OT1/cmr/m/n/10 1]\OML/cmm/m/it/10 ; []\OT1/cmr/m/n
/10 [1\OML/cmm/m/it/10 ; l \OT1/cmr/m/n/10 +
 []


LaTeX Warning: Reference `ch:bgts' on page 24 undefined on input line 306.


Underfull \hbox (badness 10000) in paragraph at lines 306--307

 []

[24]
Overfull \hbox (16.18558pt too wide) detected at line 311
[] 
 []


Overfull \hbox (16.18558pt too wide) detected at line 311
[] 
 []


Underfull \hbox (badness 10000) in paragraph at lines 324--325

 []

[25] [26]

LaTeX Warning: Reference `app:sizedtypesoundness' on page 27 undefined on input
 line 557.

[27] [28]
Underfull \hbox (badness 10000) in paragraph at lines 689--690

 []


LaTeX Warning: Reference `app:sizedtypesoundness' on page 29 undefined on input
 line 696.


LaTeX Warning: Reference `app:sizedtypesoundness' on page 29 undefined on input
 line 746.

[29]

LaTeX Font Warning: Font shape `OT1/cmr/bx/sc' undefined
(Font)              using `OT1/cmr/bx/n' instead on input line 858.

[30] [31] [32]

LaTeX Warning: Reference `ch:bgts' on page 33 undefined on input line 1473.


Underfull \hbox (badness 10000) in paragraph at lines 1473--1474

 []

[33]
Overfull \hbox (18.01376pt too wide) detected at line 1515
[]
 []


Underfull \vbox (badness 3009) has occurred while \output is active []

 [34]
[35]
Overfull \hbox (111.43153pt too wide) detected at line 1558
[]
 []

[36] [37]
Overfull \hbox (0.45091pt too wide) in paragraph at lines 1628--1630
\OT1/cmr/m/it/10 in-dex vari-ables $\OML/cmm/m/it/10 i[]; [] ; i[]$ \OT1/cmr/m/
it/10 into an equiv-a-lent nor-mal-ized in-dex $\OMS/cmsy/m/n/10 N\OT1/cmr/m/n/
10 (\OML/cmm/m/it/10 I\OT1/cmr/m/n/10 ) \OMS/cmsy/m/n/10 2 \U/msb/m/n/10 Z\OT1/
cmr/m/n/10 [\OML/cmm/m/it/10 i[]; [] ; i[]\OT1/cmr/m/n/10 ]$
 []


Underfull \hbox (badness 10000) in paragraph at lines 1705--1706

 []

[38]
Underfull \hbox (badness 10000) in paragraph at lines 1707--1708

 []


Underfull \hbox (badness 10000) in paragraph at lines 1709--1710

 []


Underfull \hbox (badness 10000) in paragraph at lines 1716--1718

 []

[39]
Underfull \hbox (badness 10000) in paragraph at lines 1725--1727

 []


Underfull \hbox (badness 10000) in paragraph at lines 1773--1774

 []

[40]
Overfull \hbox (28.82907pt too wide) in paragraph at lines 1792--1793
\OT1/cmr/m/n/10 si-ble so-lu-tion, and so we con-clude that the con-straint jud
ge-ment $\OMS/cmsy/m/n/10 f\OML/cmm/m/it/10 i; j; k\OMS/cmsy/m/n/10 g\OT1/cmr/m
/n/10 ; \OMS/cmsy/m/n/10 f\OML/cmm/m/it/10 C[]; C[]; C[]\OMS/cmsy/m/n/10 g \U/m
sa/m/n/10 ^^O
 []


Underfull \hbox (badness 10000) in paragraph at lines 1971--1974

 []


Underfull \hbox (badness 10000) in paragraph at lines 1975--1976

 []

[41]
Underfull \hbox (badness 10000) in paragraph at lines 1977--1978

 []


Underfull \hbox (badness 10000) in paragraph at lines 1979--1980

 []

[42]
Underfull \hbox (badness 10000) in paragraph at lines 1993--1994

 []


LaTeX Font Warning: Command \tiny invalid in math mode on input line 2001.


LaTeX Font Warning: Command \tiny invalid in math mode on input line 2001.


LaTeX Font Warning: Command \tiny invalid in math mode on input line 2001.


LaTeX Font Warning: Command \tiny invalid in math mode on input line 2001.


LaTeX Font Warning: Command \tiny invalid in math mode on input line 2001.


LaTeX Font Warning: Command \tiny invalid in math mode on input line 2001.


LaTeX Font Warning: Command \tiny invalid in math mode on input line 2001.


LaTeX Font Warning: Command \tiny invalid in math mode on input line 2001.


LaTeX Font Warning: Command \tiny invalid in math mode on input line 2006.


LaTeX Font Warning: Command \tiny invalid in math mode on input line 2006.


LaTeX Font Warning: Command \tiny invalid in math mode on input line 2006.


LaTeX Font Warning: Command \tiny invalid in math mode on input line 2006.


LaTeX Font Warning: Command \tiny invalid in math mode on input line 2006.


LaTeX Font Warning: Command \tiny invalid in math mode on input line 2006.


LaTeX Font Warning: Command \tiny invalid in math mode on input line 2006.


LaTeX Font Warning: Command \tiny invalid in math mode on input line 2006.


LaTeX Font Warning: Command \tiny invalid in math mode on input line 2006.


LaTeX Font Warning: Command \tiny invalid in math mode on input line 2006.


LaTeX Font Warning: Command \tiny invalid in math mode on input line 2006.


LaTeX Font Warning: Command \tiny invalid in math mode on input line 2006.


LaTeX Font Warning: Command \tiny invalid in math mode on input line 2006.


LaTeX Font Warning: Command \tiny invalid in math mode on input line 2006.


LaTeX Font Warning: Command \tiny invalid in math mode on input line 2006.


LaTeX Font Warning: Command \tiny invalid in math mode on input line 2006.


LaTeX Font Warning: Command \tiny invalid in math mode on input line 2014.


LaTeX Font Warning: Command \tiny invalid in math mode on input line 2014.


LaTeX Font Warning: Command \tiny invalid in math mode on input line 2014.


LaTeX Font Warning: Command \tiny invalid in math mode on input line 2014.


LaTeX Font Warning: Command \tiny invalid in math mode on input line 2014.


LaTeX Font Warning: Command \tiny invalid in math mode on input line 2014.


LaTeX Font Warning: Command \tiny invalid in math mode on input line 2014.


LaTeX Font Warning: Command \tiny invalid in math mode on input line 2014.


LaTeX Font Warning: Command \tiny invalid in math mode on input line 2014.


LaTeX Font Warning: Command \tiny invalid in math mode on input line 2014.


LaTeX Font Warning: Command \tiny invalid in math mode on input line 2014.


LaTeX Font Warning: Command \tiny invalid in math mode on input line 2014.


LaTeX Font Warning: Command \tiny invalid in math mode on input line 2014.


LaTeX Font Warning: Command \tiny invalid in math mode on input line 2014.


LaTeX Font Warning: Command \tiny invalid in math mode on input line 2014.


LaTeX Font Warning: Command \tiny invalid in math mode on input line 2014.

[43]
Overfull \hbox (8.03404pt too wide) detected at line 2039
[]
 []


Underfull \hbox (badness 10000) in paragraph at lines 2180--2181

 []


Underfull \hbox (badness 10000) in paragraph at lines 2182--2183

 []

[44]
Underfull \hbox (badness 10000) in paragraph at lines 2187--2190

 []


Overfull \hbox (141.25041pt too wide) detected at line 2199
[] 
 []


Overfull \hbox (141.25041pt too wide) detected at line 2199
[] 
 []


Overfull \hbox (129.59631pt too wide) detected at line 2208
[] 
 []


Overfull \hbox (129.59631pt too wide) detected at line 2208
[] 
 []


Overfull \hbox (141.89386pt too wide) detected at line 2216
[] 
 []


Overfull \hbox (141.89386pt too wide) detected at line 2216
[] 
 []

[45]
Underfull \hbox (badness 10000) in paragraph at lines 2216--2227

 []


LaTeX Font Warning: Command \tiny invalid in math mode on input line 2269.


LaTeX Font Warning: Command \tiny invalid in math mode on input line 2269.


LaTeX Font Warning: Command \tiny invalid in math mode on input line 2269.


LaTeX Font Warning: Command \tiny invalid in math mode on input line 2269.


LaTeX Font Warning: Command \tiny invalid in math mode on input line 2269.


LaTeX Font Warning: Command \tiny invalid in math mode on input line 2269.


LaTeX Font Warning: Command \tiny invalid in math mode on input line 2269.


LaTeX Font Warning: Command \tiny invalid in math mode on input line 2269.


LaTeX Font Warning: Command \tiny invalid in math mode on input line 2284.


LaTeX Font Warning: Command \tiny invalid in math mode on input line 2284.


LaTeX Font Warning: Command \tiny invalid in math mode on input line 2284.


LaTeX Font Warning: Command \tiny invalid in math mode on input line 2284.


LaTeX Font Warning: Command \tiny invalid in math mode on input line 2284.


LaTeX Font Warning: Command \tiny invalid in math mode on input line 2284.


LaTeX Font Warning: Command \tiny invalid in math mode on input line 2284.


LaTeX Font Warning: Command \tiny invalid in math mode on input line 2284.


LaTeX Font Warning: Command \tiny invalid in math mode on input line 2284.


LaTeX Font Warning: Command \tiny invalid in math mode on input line 2284.


LaTeX Font Warning: Command \tiny invalid in math mode on input line 2284.


LaTeX Font Warning: Command \tiny invalid in math mode on input line 2284.


LaTeX Font Warning: Command \tiny invalid in math mode on input line 2284.


LaTeX Font Warning: Command \tiny invalid in math mode on input line 2284.


LaTeX Font Warning: Command \tiny invalid in math mode on input line 2284.


LaTeX Font Warning: Command \tiny invalid in math mode on input line 2284.


LaTeX Font Warning: Command \tiny invalid in math mode on input line 2284.


LaTeX Font Warning: Command \tiny invalid in math mode on input line 2284.


LaTeX Font Warning: Command \tiny invalid in math mode on input line 2284.


LaTeX Font Warning: Command \tiny invalid in math mode on input line 2284.


LaTeX Font Warning: Command \tiny invalid in math mode on input line 2284.


LaTeX Font Warning: Command \tiny invalid in math mode on input line 2284.


LaTeX Font Warning: Command \tiny invalid in math mode on input line 2284.


LaTeX Font Warning: Command \tiny invalid in math mode on input line 2284.


LaTeX Font Warning: Command \tiny invalid in math mode on input line 2284.


LaTeX Font Warning: Command \tiny invalid in math mode on input line 2284.


LaTeX Font Warning: Command \tiny invalid in math mode on input line 2284.


LaTeX Font Warning: Command \tiny invalid in math mode on input line 2284.


LaTeX Font Warning: Command \tiny invalid in math mode on input line 2284.


LaTeX Font Warning: Command \tiny invalid in math mode on input line 2284.


LaTeX Font Warning: Command \tiny invalid in math mode on input line 2284.


LaTeX Font Warning: Command \tiny invalid in math mode on input line 2284.


Overfull \hbox (17.80188pt too wide) detected at line 2284
[]
 []

[46]

LaTeX Font Warning: Command \tiny invalid in math mode on input line 2289.


LaTeX Font Warning: Command \tiny invalid in math mode on input line 2289.


LaTeX Font Warning: Command \tiny invalid in math mode on input line 2289.


LaTeX Font Warning: Command \tiny invalid in math mode on input line 2289.


LaTeX Font Warning: Command \tiny invalid in math mode on input line 2289.


LaTeX Font Warning: Command \tiny invalid in math mode on input line 2289.


LaTeX Font Warning: Command \tiny invalid in math mode on input line 2289.


LaTeX Font Warning: Command \tiny invalid in math mode on input line 2289.


LaTeX Font Warning: Command \tiny invalid in math mode on input line 2371.


LaTeX Font Warning: Command \tiny invalid in math mode on input line 2371.


LaTeX Font Warning: Command \tiny invalid in math mode on input line 2371.


LaTeX Font Warning: Command \tiny invalid in math mode on input line 2371.


LaTeX Font Warning: Command \tiny invalid in math mode on input line 2371.


LaTeX Font Warning: Command \tiny invalid in math mode on input line 2371.


LaTeX Font Warning: Command \tiny invalid in math mode on input line 2371.


LaTeX Font Warning: Command \tiny invalid in math mode on input line 2371.


Overfull \hbox (49.16762pt too wide) detected at line 2371
[]
 []


LaTeX Font Warning: Command \tiny invalid in math mode on input line 2385.


LaTeX Font Warning: Command \tiny invalid in math mode on input line 2385.


LaTeX Font Warning: Command \tiny invalid in math mode on input line 2385.


LaTeX Font Warning: Command \tiny invalid in math mode on input line 2385.


LaTeX Font Warning: Command \tiny invalid in math mode on input line 2385.


LaTeX Font Warning: Command \tiny invalid in math mode on input line 2385.


LaTeX Font Warning: Command \tiny invalid in math mode on input line 2385.


LaTeX Font Warning: Command \tiny invalid in math mode on input line 2385.


LaTeX Font Warning: Command \tiny invalid in math mode on input line 2385.


LaTeX Font Warning: Command \tiny invalid in math mode on input line 2385.


LaTeX Font Warning: Command \tiny invalid in math mode on input line 2385.


LaTeX Font Warning: Command \tiny invalid in math mode on input line 2385.


LaTeX Font Warning: Command \tiny invalid in math mode on input line 2385.


LaTeX Font Warning: Command \tiny invalid in math mode on input line 2385.


LaTeX Font Warning: Command \tiny invalid in math mode on input line 2385.


LaTeX Font Warning: Command \tiny invalid in math mode on input line 2385.


LaTeX Font Warning: Command \tiny invalid in math mode on input line 2385.


LaTeX Font Warning: Command \tiny invalid in math mode on input line 2385.


LaTeX Font Warning: Command \tiny invalid in math mode on input line 2385.


LaTeX Font Warning: Command \tiny invalid in math mode on input line 2385.


LaTeX Font Warning: Command \tiny invalid in math mode on input line 2385.


LaTeX Font Warning: Command \tiny invalid in math mode on input line 2385.


LaTeX Font Warning: Command \tiny invalid in math mode on input line 2385.


LaTeX Font Warning: Command \tiny invalid in math mode on input line 2385.


LaTeX Font Warning: Command \tiny invalid in math mode on input line 2385.


LaTeX Font Warning: Command \tiny invalid in math mode on input line 2385.


LaTeX Font Warning: Command \tiny invalid in math mode on input line 2385.


LaTeX Font Warning: Command \tiny invalid in math mode on input line 2385.


LaTeX Font Warning: Command \tiny invalid in math mode on input line 2385.


LaTeX Font Warning: Command \tiny invalid in math mode on input line 2385.


LaTeX Font Warning: Command \tiny invalid in math mode on input line 2385.


LaTeX Font Warning: Command \tiny invalid in math mode on input line 2385.


LaTeX Font Warning: Command \tiny invalid in math mode on input line 2385.


LaTeX Font Warning: Command \tiny invalid in math mode on input line 2385.


LaTeX Font Warning: Command \tiny invalid in math mode on input line 2385.


LaTeX Font Warning: Command \tiny invalid in math mode on input line 2385.


LaTeX Font Warning: Command \tiny invalid in math mode on input line 2385.


LaTeX Font Warning: Command \tiny invalid in math mode on input line 2385.


LaTeX Font Warning: Command \tiny invalid in math mode on input line 2385.


LaTeX Font Warning: Command \tiny invalid in math mode on input line 2385.


Overfull \hbox (41.45578pt too wide) detected at line 2385
[]
 []


LaTeX Font Warning: Command \tiny invalid in math mode on input line 2392.


LaTeX Font Warning: Command \tiny invalid in math mode on input line 2392.


LaTeX Font Warning: Command \tiny invalid in math mode on input line 2392.


LaTeX Font Warning: Command \tiny invalid in math mode on input line 2392.


LaTeX Font Warning: Command \tiny invalid in math mode on input line 2392.


LaTeX Font Warning: Command \tiny invalid in math mode on input line 2392.


LaTeX Font Warning: Command \tiny invalid in math mode on input line 2392.


LaTeX Font Warning: Command \tiny invalid in math mode on input line 2392.


LaTeX Font Warning: Command \tiny invalid in math mode on input line 2392.


LaTeX Font Warning: Command \tiny invalid in math mode on input line 2392.


LaTeX Font Warning: Command \tiny invalid in math mode on input line 2392.


LaTeX Font Warning: Command \tiny invalid in math mode on input line 2392.


LaTeX Font Warning: Command \tiny invalid in math mode on input line 2392.


LaTeX Font Warning: Command \tiny invalid in math mode on input line 2392.


LaTeX Font Warning: Command \tiny invalid in math mode on input line 2392.


LaTeX Font Warning: Command \tiny invalid in math mode on input line 2392.


LaTeX Font Warning: Command \tiny invalid in math mode on input line 2392.


LaTeX Font Warning: Command \tiny invalid in math mode on input line 2392.


LaTeX Font Warning: Command \tiny invalid in math mode on input line 2392.


LaTeX Font Warning: Command \tiny invalid in math mode on input line 2392.


LaTeX Font Warning: Command \tiny invalid in math mode on input line 2392.


LaTeX Font Warning: Command \tiny invalid in math mode on input line 2392.


LaTeX Font Warning: Command \tiny invalid in math mode on input line 2392.


LaTeX Font Warning: Command \tiny invalid in math mode on input line 2392.

[47]) (./sections/inference.tex

LaTeX Warning: Reference `ch:bgts' on page 48 undefined on input line 3.

[48]

LaTeX Warning: Reference `ch:bgts' on page 49 undefined on input line 6.


Overfull \hbox (68.21509pt too wide) detected at line 9
[] 
 []


Overfull \hbox (68.21509pt too wide) detected at line 9
[] 
 []


Underfull \hbox (badness 10000) in paragraph at lines 17--19

 []


Underfull \hbox (badness 10000) in paragraph at lines 21--22

 []

[49]
Underfull \hbox (badness 10000) in paragraph at lines 40--43

 []


Underfull \hbox (badness 10000) in paragraph at lines 44--45

 []


Overfull \hbox (17.90492pt too wide) in paragraph at lines 46--47
\OT1/cmr/m/n/10 cally, we have con-di-tional in-dex in-equal-i-ties and con-di-
tional in-clu-sion use-constraints.
 []


Underfull \hbox (badness 10000) in paragraph at lines 46--47

 []


Underfull \hbox (badness 10000) in paragraph at lines 48--49

 []

[50]

LaTeX Font Warning: Command \tiny invalid in math mode on input line 69.


LaTeX Font Warning: Command \tiny invalid in math mode on input line 69.


LaTeX Font Warning: Command \tiny invalid in math mode on input line 69.


LaTeX Font Warning: Command \tiny invalid in math mode on input line 69.


LaTeX Font Warning: Command \tiny invalid in math mode on input line 69.


LaTeX Font Warning: Command \tiny invalid in math mode on input line 69.


LaTeX Font Warning: Command \tiny invalid in math mode on input line 69.


LaTeX Font Warning: Command \tiny invalid in math mode on input line 69.


LaTeX Font Warning: Command \tiny invalid in math mode on input line 69.


LaTeX Font Warning: Command \tiny invalid in math mode on input line 69.


LaTeX Font Warning: Command \tiny invalid in math mode on input line 69.


LaTeX Font Warning: Command \tiny invalid in math mode on input line 69.


LaTeX Font Warning: Command \tiny invalid in math mode on input line 69.


LaTeX Font Warning: Command \tiny invalid in math mode on input line 69.


LaTeX Font Warning: Command \tiny invalid in math mode on input line 69.


LaTeX Font Warning: Command \tiny invalid in math mode on input line 69.


LaTeX Font Warning: Command \tiny invalid in math mode on input line 69.


LaTeX Font Warning: Command \tiny invalid in math mode on input line 69.


LaTeX Font Warning: Command \tiny invalid in math mode on input line 69.


LaTeX Font Warning: Command \tiny invalid in math mode on input line 69.


LaTeX Font Warning: Command \tiny invalid in math mode on input line 69.


LaTeX Font Warning: Command \tiny invalid in math mode on input line 69.


LaTeX Font Warning: Command \tiny invalid in math mode on input line 69.


LaTeX Font Warning: Command \tiny invalid in math mode on input line 69.


LaTeX Font Warning: Command \tiny invalid in math mode on input line 69.


LaTeX Font Warning: Command \tiny invalid in math mode on input line 69.


LaTeX Font Warning: Command \tiny invalid in math mode on input line 69.


LaTeX Font Warning: Command \tiny invalid in math mode on input line 69.


LaTeX Font Warning: Command \tiny invalid in math mode on input line 69.


LaTeX Font Warning: Command \tiny invalid in math mode on input line 69.


LaTeX Font Warning: Command \tiny invalid in math mode on input line 69.


LaTeX Font Warning: Command \tiny invalid in math mode on input line 69.


LaTeX Font Warning: Command \tiny invalid in math mode on input line 69.


LaTeX Font Warning: Command \tiny invalid in math mode on input line 69.


LaTeX Font Warning: Command \tiny invalid in math mode on input line 69.


LaTeX Font Warning: Command \tiny invalid in math mode on input line 69.


LaTeX Font Warning: Command \tiny invalid in math mode on input line 69.


LaTeX Font Warning: Command \tiny invalid in math mode on input line 69.


LaTeX Font Warning: Command \tiny invalid in math mode on input line 69.


LaTeX Font Warning: Command \tiny invalid in math mode on input line 69.


LaTeX Font Warning: Command \tiny invalid in math mode on input line 69.


LaTeX Font Warning: Command \tiny invalid in math mode on input line 69.


LaTeX Font Warning: Command \tiny invalid in math mode on input line 69.


LaTeX Font Warning: Command \tiny invalid in math mode on input line 69.


LaTeX Font Warning: Command \tiny invalid in math mode on input line 69.


LaTeX Font Warning: Command \tiny invalid in math mode on input line 69.


LaTeX Font Warning: Command \tiny invalid in math mode on input line 69.


LaTeX Font Warning: Command \tiny invalid in math mode on input line 69.


LaTeX Font Warning: Command \tiny invalid in math mode on input line 69.


LaTeX Font Warning: Command \tiny invalid in math mode on input line 69.


LaTeX Font Warning: Command \tiny invalid in math mode on input line 69.


LaTeX Font Warning: Command \tiny invalid in math mode on input line 69.


LaTeX Font Warning: Command \tiny invalid in math mode on input line 69.


LaTeX Font Warning: Command \tiny invalid in math mode on input line 69.


LaTeX Font Warning: Command \tiny invalid in math mode on input line 69.


LaTeX Font Warning: Command \tiny invalid in math mode on input line 69.


LaTeX Font Warning: Command \tiny invalid in math mode on input line 69.


LaTeX Font Warning: Command \tiny invalid in math mode on input line 69.


LaTeX Font Warning: Command \tiny invalid in math mode on input line 69.


LaTeX Font Warning: Command \tiny invalid in math mode on input line 69.


LaTeX Font Warning: Command \tiny invalid in math mode on input line 69.


LaTeX Font Warning: Command \tiny invalid in math mode on input line 69.


LaTeX Font Warning: Command \tiny invalid in math mode on input line 69.


LaTeX Font Warning: Command \tiny invalid in math mode on input line 69.


LaTeX Font Warning: Command \tiny invalid in math mode on input line 69.


LaTeX Font Warning: Command \tiny invalid in math mode on input line 69.


LaTeX Font Warning: Command \tiny invalid in math mode on input line 69.


LaTeX Font Warning: Command \tiny invalid in math mode on input line 69.


LaTeX Font Warning: Command \tiny invalid in math mode on input line 69.


LaTeX Font Warning: Command \tiny invalid in math mode on input line 69.


LaTeX Font Warning: Command \tiny invalid in math mode on input line 69.


LaTeX Font Warning: Command \tiny invalid in math mode on input line 69.


LaTeX Font Warning: Command \tiny invalid in math mode on input line 73.


LaTeX Font Warning: Command \tiny invalid in math mode on input line 73.


LaTeX Font Warning: Command \tiny invalid in math mode on input line 73.


LaTeX Font Warning: Command \tiny invalid in math mode on input line 73.


LaTeX Font Warning: Command \tiny invalid in math mode on input line 73.


LaTeX Font Warning: Command \tiny invalid in math mode on input line 73.


LaTeX Font Warning: Command \tiny invalid in math mode on input line 73.


LaTeX Font Warning: Command \tiny invalid in math mode on input line 73.


Overfull \hbox (51.514pt too wide) in paragraph at lines 82--84
\OT1/cmr/m/it/10 We ex-tend the func-tion to type con-texts, such that $[]\OT1/
cmr/m/n/10 (\OML/cmm/m/it/10 ^^@\OT1/cmr/m/n/10 ) = \OMS/cmsy/m/n/10 f\OML/cmm/
m/it/10 I \OMS/cmsy/m/n/10 j \OML/cmm/m/it/10 v \OMS/cmsy/m/n/10 2 []\OT1/cmr/m
/n/10 (\OML/cmm/m/it/10 ^^@\OT1/cmr/m/n/10 ) [] [](\OML/cmm/m/it/10 ^^@\OT1/cmr
/m/n/10 (\OML/cmm/m/it/10 v\OT1/cmr/m/n/10 )) =
 []

[51]

LaTeX Font Warning: Command \tiny invalid in math mode on input line 107.


LaTeX Font Warning: Command \tiny invalid in math mode on input line 107.


LaTeX Font Warning: Command \tiny invalid in math mode on input line 107.


LaTeX Font Warning: Command \tiny invalid in math mode on input line 107.


LaTeX Font Warning: Command \tiny invalid in math mode on input line 107.


LaTeX Font Warning: Command \tiny invalid in math mode on input line 107.


LaTeX Font Warning: Command \tiny invalid in math mode on input line 107.


LaTeX Font Warning: Command \tiny invalid in math mode on input line 107.

[52]
Underfull \hbox (badness 10000) in paragraph at lines 174--175

 []

[53]
Overfull \hbox (102.25804pt too wide) detected at line 192
[]
 []


Underfull \hbox (badness 10000) in paragraph at lines 220--221

 []


Overfull \hbox (33.93633pt too wide) detected at line 230
[][] 
 []


Overfull \hbox (72.14964pt too wide) detected at line 230
[][] 
 []


Overfull \hbox (173.93787pt too wide) detected at line 230
[][] 
 []


Overfull \hbox (33.93633pt too wide) detected at line 230
[][] 
 []


Overfull \hbox (72.14964pt too wide) detected at line 230
[][] 
 []


Overfull \hbox (173.93787pt too wide) detected at line 230
[][] 
 []


Underfull \hbox (badness 10000) in paragraph at lines 236--237

 []


Overfull \hbox (15.37659pt too wide) detected at line 279
[] 
 []


Overfull \hbox (52.43497pt too wide) detected at line 279
[] 
 []


Overfull \hbox (70.20148pt too wide) detected at line 279
[] 
 []


Overfull \hbox (229.57622pt too wide) detected at line 279
[] 
 []


Overfull \hbox (15.37659pt too wide) detected at line 279
[] 
 []


Overfull \hbox (52.43497pt too wide) detected at line 279
[] 
 []


Overfull \hbox (70.20148pt too wide) detected at line 279
[] 
 []


Overfull \hbox (229.57622pt too wide) detected at line 279
[] 
 []


Overfull \hbox (79.31471pt too wide) detected at line 279
[]
 []

[54]
Underfull \hbox (badness 10000) in paragraph at lines 285--286

 []

[55]
Overfull \hbox (176.6759pt too wide) detected at line 350
[] 
 []


Overfull \hbox (131.42807pt too wide) detected at line 350
[] 
 []


Overfull \hbox (152.5695pt too wide) detected at line 350
[] 
 []


Overfull \hbox (110.59848pt too wide) detected at line 350
[] 
 []


Overfull \hbox (176.6759pt too wide) detected at line 350
[] 
 []


Overfull \hbox (131.42807pt too wide) detected at line 350
[] 
 []


Overfull \hbox (152.5695pt too wide) detected at line 350
[] 
 []


Overfull \hbox (110.59848pt too wide) detected at line 350
[] 
 []


Underfull \vbox (badness 5091) has occurred while \output is active []

 [56]

LaTeX Warning: Text page 57 contains only floats.


Underfull \vbox (badness 1102) has occurred while \output is active []

 [57]
Underfull \hbox (badness 10000) in paragraph at lines 520--521

 []


Underfull \hbox (badness 10000) in paragraph at lines 537--538

 []

[58]
Overfull \hbox (92.30147pt too wide) detected at line 594
[]
 []


Underfull \hbox (badness 10000) in paragraph at lines 604--605

 []


Overfull \hbox (77.97379pt too wide) detected at line 631
[]
 []

[59]

LaTeX Warning: Citation `IgarashiKobayashi2000' on page 60 undefined on input l
ine 716.


Underfull \hbox (badness 10000) in paragraph at lines 716--717

 []

[60]
Overfull \hbox (45.22871pt too wide) detected at line 755
\OT1/cmr/m/n/10 (\OML/cmm/m/it/10 ^^@; \OMS/cmsy/m/n/10 C[] [ f\OT1/cmr/bx/sc/1
0 c[] \OT1/cmr/m/n/10 + \OT1/cmr/bx/sc/10 c[]\OML/cmm/m/it/10 i[] \OT1/cmr/m/n/
10 + [] + \OT1/cmr/bx/sc/10 c[]\OML/cmm/m/it/10 i[] \OMS/cmsy/m/n/10 ^^X \OT1/c
mr/bx/sc/10 c[] \OT1/cmr/m/n/10 + \OT1/cmr/bx/sc/10 c[]\OML/cmm/m/it/10 i[] \OT
1/cmr/m/n/10 + [] + \OT1/cmr/bx/sc/10 c[]\OML/cmm/m/it/10 i[]\OMS/cmsy/m/n/10 g
\OML/cmm/m/it/10 ; K\OT1/cmr/m/n/10 ) \U/msa/m/n/10   \OT1/cmr/m/n/10 (\OML/cmm
/m/it/10 ^^@; \OMS/cmsy/m/n/10 C[] [ f\OT1/cmr/bx/sc/10 c[] \OMS/cmsy/m/n/10 ^^
X \OT1/cmr/bx/sc/10 c[] \OMS/cmsy/m/n/10 j \OT1/cmr/m/n/10 1 \OMS/cmsy/m/n/10 ^
^T \OML/cmm/m/it/10 j \OMS/cmsy/m/n/10 ^^T \OML/cmm/m/it/10 n\OMS/cmsy/m/n/10 g
\OML/cmm/m/it/10 ; K\OT1/cmr/m/n/10 )
 []

[61]
Underfull \hbox (badness 10000) in paragraph at lines 772--774

 []


Overfull \hbox (127.85896pt too wide) detected at line 787
[] 
 []


Overfull \hbox (127.85896pt too wide) detected at line 787
[] 
 []

[62]
Overfull \hbox (37.80943pt too wide) in paragraph at lines 791--793
\OT1/cmr/m/n/10 Con-sider for in-stance the server \OT1/cmr/m/it/10 f \OT1/cmr/
m/n/10 bound to type $\OMS/cmsy/m/n/10 8[][]\OML/cmm/m/it/10 :[][]\OT1/cmr/m/n/
10 ([][\OML/cmm/m/it/10 i; j\OT1/cmr/m/n/10 ]\OML/cmm/m/it/10 ; [][]\OT1/cmr/m/
n/10 ([][\OML/cmm/m/it/10 J[]; J[]\OT1/cmr/m/n/10 ]))$.
 []


Overfull \hbox (11.65076pt too wide) in paragraph at lines 791--793
\OT1/cmr/m/n/10 suf-fi-cient for the judge-ment $\OML/cmm/m/it/10 '\OT1/cmr/m/n
/10 ; \OML/cmm/m/it/10 ^^H\OT1/cmr/m/n/10 ; (\OML/cmm/m/it/10 ^^@; f \OT1/cmr/m
/n/10 : \OMS/cmsy/m/n/10 8[][]\OML/cmm/m/it/10 :[][]\OT1/cmr/m/n/10 ([][\OML/cm
m/m/it/10 i; j\OT1/cmr/m/n/10 ]\OML/cmm/m/it/10 ; [][]\OT1/cmr/m/n/10 ([][\OML/
cmm/m/it/10 J[]; J[]\OT1/cmr/m/n/10 ]))) \OMS/cmsy/m/n/10 `
 []

[63]
Underfull \hbox (badness 10000) in paragraph at lines 802--803

 []


Underfull \hbox (badness 10000) in paragraph at lines 804--805

 []


LaTeX Warning: Reference `app:runningexm' on page 64 undefined on input line 80
6.


LaTeX Font Warning: Command \tiny invalid in math mode on input line 819.


LaTeX Font Warning: Command \tiny invalid in math mode on input line 819.


LaTeX Font Warning: Command \tiny invalid in math mode on input line 819.


LaTeX Font Warning: Command \tiny invalid in math mode on input line 819.


LaTeX Font Warning: Command \tiny invalid in math mode on input line 819.


LaTeX Font Warning: Command \tiny invalid in math mode on input line 819.


LaTeX Font Warning: Command \tiny invalid in math mode on input line 819.


LaTeX Font Warning: Command \tiny invalid in math mode on input line 819.


Overfull \hbox (55.45415pt too wide) detected at line 819
[]
 []


LaTeX Font Warning: Command \tiny invalid in math mode on input line 831.


LaTeX Font Warning: Command \tiny invalid in math mode on input line 831.


LaTeX Font Warning: Command \tiny invalid in math mode on input line 831.


LaTeX Font Warning: Command \tiny invalid in math mode on input line 831.


LaTeX Font Warning: Command \tiny invalid in math mode on input line 831.


LaTeX Font Warning: Command \tiny invalid in math mode on input line 831.


LaTeX Font Warning: Command \tiny invalid in math mode on input line 831.


LaTeX Font Warning: Command \tiny invalid in math mode on input line 831.


Overfull \hbox (31.67654pt too wide) detected at line 831
[]
 []


Overfull \hbox (48.81186pt too wide) in paragraph at lines 808--833
[]$[]$ $[]$ 
 []


Underfull \hbox (badness 10000) in paragraph at lines 808--833

 []


Underfull \vbox (badness 10000) has occurred while \output is active []

 [64]

LaTeX Font Warning: Command \tiny invalid in math mode on input line 841.


LaTeX Font Warning: Command \tiny invalid in math mode on input line 841.


LaTeX Font Warning: Command \tiny invalid in math mode on input line 841.


LaTeX Font Warning: Command \tiny invalid in math mode on input line 841.


LaTeX Font Warning: Command \tiny invalid in math mode on input line 841.


LaTeX Font Warning: Command \tiny invalid in math mode on input line 841.


LaTeX Font Warning: Command \tiny invalid in math mode on input line 841.


LaTeX Font Warning: Command \tiny invalid in math mode on input line 841.


LaTeX Warning: Reference `ch:bgts' on page 65 undefined on input line 842.

) (./sections/conclusion.tex
Underfull \hbox (badness 10000) in paragraph at lines 5--6

 []

[65]
Underfull \hbox (badness 10000) in paragraph at lines 7--8

 []


Underfull \hbox (badness 10000) in paragraph at lines 15--16

 []


Underfull \hbox (badness 10000) in paragraph at lines 17--18

 []


Underfull \hbox (badness 10000) in paragraph at lines 19--20

 []

[66]
Underfull \hbox (badness 10000) in paragraph at lines 36--37

 []


Underfull \hbox (badness 10000) in paragraph at lines 38--39

 []


Underfull \hbox (badness 10000) in paragraph at lines 40--41

 []


LaTeX Warning: Citation ` Kobayashi2005' on page 67 undefined on input line 44.


[67]) (./esop2023.bbl [68]) [69] (./esop2023.aux)
Package atveryend Info: Executing hook `AtVeryEndDocument' on input line 36.
Package atveryend Info: Executing hook `AtEndAfterFileList' on input line 36.
Package rerunfilecheck Info: File `esop2023.out' has not changed.
(rerunfilecheck)             Checksum: C438D8334FF0F3E601986B3684789332;118.


LaTeX Font Warning: Some font shapes were not available, defaults substituted.


LaTeX Warning: There were undefined references.


LaTeX Warning: Label(s) may have changed. Rerun to get cross-references right.

 ) 
Here is how much of TeX's memory you used:
 39308 strings out of 492649
 889769 string characters out of 6129622
 1066829 words of memory out of 5000000
 42311 multiletter control sequences out of 15000+600000
 551254 words of font info for 108 fonts, out of 8000000 for 9000
 1141 hyphenation exceptions out of 8191
 64i,24n,96p,10377b,609s stack positions out of 5000i,500n,10000p,200000b,80000s
</usr/local/texlive/2018/texmf-dist/fonts/type1/public/amsfonts/cm/cmbx10.pfb
></usr/local/texlive/2018/texmf-dist/fonts/type1/public/amsfonts/cm/cmbx12.pfb>
</usr/local/texlive/2018/texmf-dist/fonts/type1/public/amsfonts/cm/cmbx9.pfb></
usr/local/texlive/2018/texmf-dist/fonts/type1/public/amsfonts/cm/cmcsc10.pfb></
usr/local/texlive/2018/texmf-dist/fonts/type1/public/amsfonts/cm/cmex10.pfb></u
sr/local/texlive/2018/texmf-dist/fonts/type1/public/amsfonts/cmextra/cmex9.pfb>
</usr/local/texlive/2018/texmf-dist/fonts/type1/public/amsfonts/cm/cmitt10.pfb>
</usr/local/texlive/2018/texmf-dist/fonts/type1/public/amsfonts/cm/cmmi10.pfb><
/usr/local/texlive/2018/texmf-dist/fonts/type1/public/amsfonts/cm/cmmi5.pfb></u
sr/local/texlive/2018/texmf-dist/fonts/type1/public/amsfonts/cm/cmmi6.pfb></usr
/local/texlive/2018/texmf-dist/fonts/type1/public/amsfonts/cm/cmmi7.pfb></usr/l
ocal/texlive/2018/texmf-dist/fonts/type1/public/amsfonts/cm/cmmi9.pfb></usr/loc
al/texlive/2018/texmf-dist/fonts/type1/public/amsfonts/cm/cmmib10.pfb></usr/loc
al/texlive/2018/texmf-dist/fonts/type1/public/amsfonts/cm/cmr10.pfb></usr/local
/texlive/2018/texmf-dist/fonts/type1/public/amsfonts/cm/cmr5.pfb></usr/local/te
xlive/2018/texmf-dist/fonts/type1/public/amsfonts/cm/cmr6.pfb></usr/local/texli
ve/2018/texmf-dist/fonts/type1/public/amsfonts/cm/cmr7.pfb></usr/local/texlive/
2018/texmf-dist/fonts/type1/public/amsfonts/cm/cmr9.pfb></usr/local/texlive/201
8/texmf-dist/fonts/type1/public/amsfonts/cm/cmsy10.pfb></usr/local/texlive/2018
/texmf-dist/fonts/type1/public/amsfonts/cm/cmsy5.pfb></usr/local/texlive/2018/t
exmf-dist/fonts/type1/public/amsfonts/cm/cmsy6.pfb></usr/local/texlive/2018/tex
mf-dist/fonts/type1/public/amsfonts/cm/cmsy7.pfb></usr/local/texlive/2018/texmf
-dist/fonts/type1/public/amsfonts/cm/cmsy9.pfb></usr/local/texlive/2018/texmf-d
ist/fonts/type1/public/amsfonts/cm/cmti10.pfb></usr/local/texlive/2018/texmf-di
st/fonts/type1/public/amsfonts/cm/cmti7.pfb></usr/local/texlive/2018/texmf-dist
/fonts/type1/public/amsfonts/cm/cmti9.pfb></usr/local/texlive/2018/texmf-dist/f
onts/type1/public/amsfonts/cm/cmtt10.pfb></usr/local/texlive/2018/texmf-dist/fo
nts/type1/public/amsfonts/cm/cmtt8.pfb></usr/local/texlive/2018/texmf-dist/font
s/type1/public/amsfonts/cm/cmtt9.pfb></usr/local/texlive/2018/texmf-dist/fonts/
type1/public/amsfonts/symbols/msam10.pfb></usr/local/texlive/2018/texmf-dist/fo
nts/type1/public/amsfonts/symbols/msam7.pfb></usr/local/texlive/2018/texmf-dist
/fonts/type1/public/amsfonts/symbols/msbm10.pfb></usr/local/texlive/2018/texmf-
dist/fonts/type1/public/stmaryrd/stmary10.pfb></usr/local/texlive/2018/texmf-di
st/fonts/type1/public/stmaryrd/stmary6.pfb>
Output written on esop2023.pdf (69 pages, 641773 bytes).
PDF statistics:
 952 PDF objects out of 1000 (max. 8388607)
 755 compressed objects within 8 object streams
 246 named destinations out of 1000 (max. 500000)
 21 words of extra memory for PDF output out of 10000 (max. 10000000)

